04/08/2024 12:26:24 [INFO] ###################################################################################################
04/08/2024 12:26:24 [INFO] Experiment Algorithm: TD3
04/08/2024 12:26:24 [INFO] Epoch 0 | J: 21.45092135805439 R: 24.590539758303137 V: 0.04796028 H: 0.0
04/08/2024 12:26:28 [INFO] ###################################################################################################
04/08/2024 12:26:28 [INFO] Experiment Algorithm: TD3
04/08/2024 12:26:28 [INFO] Epoch 0 | J: 21.45092135805439 R: 24.590539758303137 V: 0.04796028 H: 0.0
04/08/2024 12:30:01 [INFO] Epoch 1 | J: 124.11949443366845 R: 210.00667785653445 V: 105.39657 H: 0.0
04/08/2024 12:30:06 [INFO] Epoch 1 | J: 124.11949443366845 R: 210.00667785653445 V: 105.39657 H: 0.0
04/08/2024 12:33:37 [INFO] Epoch 2 | J: 131.648083186891 R: 221.04670265008662 V: 112.25592 H: 0.0
04/08/2024 12:33:44 [INFO] Epoch 2 | J: 131.648083186891 R: 221.04670265008662 V: 112.25592 H: 0.0
04/08/2024 12:37:12 [INFO] Epoch 3 | J: 122.9630954640038 R: 222.60077560923165 V: 155.82785 H: 0.0
04/08/2024 12:37:23 [INFO] Epoch 3 | J: 122.9630954640038 R: 222.60077560923165 V: 155.82785 H: 0.0
04/08/2024 12:40:48 [INFO] Epoch 4 | J: 178.60249588772405 R: 356.0930721155485 V: 160.88107 H: 0.0
04/08/2024 12:41:03 [INFO] Epoch 4 | J: 178.60249588772405 R: 356.0930721155485 V: 160.88107 H: 0.0
04/08/2024 12:44:25 [INFO] Epoch 5 | J: 32.155616120538824 R: 36.86345447573485 V: 157.4041 H: 0.0
04/08/2024 12:44:45 [INFO] Epoch 5 | J: 32.155616120538824 R: 36.86345447573485 V: 157.4041 H: 0.0
04/08/2024 12:48:02 [INFO] Epoch 6 | J: 172.09322758772996 R: 340.9112851468017 V: 161.15779 H: 0.0
04/08/2024 12:48:26 [INFO] Epoch 6 | J: 172.09322758772996 R: 340.9112851468017 V: 161.15779 H: 0.0
04/08/2024 12:51:43 [INFO] Epoch 7 | J: 189.74328043624396 R: 416.31281370395357 V: 162.59462 H: 0.0
04/08/2024 12:52:09 [INFO] Epoch 7 | J: 189.74328043624396 R: 416.31281370395357 V: 162.59462 H: 0.0
04/08/2024 12:55:26 [INFO] Epoch 8 | J: 200.50757175053084 R: 471.32718176802945 V: 159.71825 H: 0.0
04/08/2024 12:55:54 [INFO] Epoch 8 | J: 200.50757175053084 R: 471.32718176802945 V: 159.71825 H: 0.0
04/08/2024 12:59:06 [INFO] Epoch 9 | J: 190.92461328876198 R: 424.97493762614147 V: 165.6851 H: 0.0
04/08/2024 12:59:37 [INFO] Epoch 9 | J: 190.92461328876198 R: 424.97493762614147 V: 165.6851 H: 0.0
04/08/2024 13:02:45 [INFO] Epoch 10 | J: 209.87808277994344 R: 551.9360166051368 V: 174.19954 H: 0.0
04/08/2024 13:03:25 [INFO] Epoch 10 | J: 209.87808277994344 R: 551.9360166051368 V: 174.19954 H: 0.0
04/08/2024 13:06:33 [INFO] Epoch 11 | J: 175.3312027034701 R: 423.3488191022105 V: 172.5661 H: 0.0
04/08/2024 13:07:13 [INFO] Epoch 11 | J: 175.3312027034701 R: 423.3488191022105 V: 172.5661 H: 0.0
04/08/2024 13:10:20 [INFO] Epoch 12 | J: 233.18150764882617 R: 720.6378195576822 V: 186.23544 H: 0.0
04/08/2024 13:11:03 [INFO] Epoch 12 | J: 233.18150764882617 R: 720.6378195576822 V: 186.23544 H: 0.0
04/08/2024 13:14:07 [INFO] Epoch 13 | J: 212.7360674414494 R: 737.5354206430776 V: 190.34885 H: 0.0
04/08/2024 13:14:52 [INFO] Epoch 13 | J: 212.7360674414494 R: 737.5354206430776 V: 190.34885 H: 0.0
04/08/2024 13:17:53 [INFO] Epoch 14 | J: 222.56950080580032 R: 842.9565392714616 V: 198.80087 H: 0.0
04/08/2024 13:18:42 [INFO] Epoch 14 | J: 222.56950080580032 R: 842.9565392714616 V: 198.80087 H: 0.0
04/08/2024 13:21:41 [INFO] Epoch 15 | J: 236.7175052841419 R: 729.0744319882236 V: 189.98373 H: 0.0
04/08/2024 13:22:33 [INFO] Epoch 15 | J: 236.7175052841419 R: 729.0744319882236 V: 189.98373 H: 0.0
04/08/2024 13:25:29 [INFO] Epoch 16 | J: 257.5924908771876 R: 963.2918604492843 V: 209.96548 H: 0.0
04/08/2024 13:26:24 [INFO] Epoch 16 | J: 257.5924908771876 R: 963.2918604492843 V: 209.96548 H: 0.0
04/08/2024 13:29:18 [INFO] Epoch 17 | J: 274.1503490029438 R: 1207.961941085829 V: 206.14859 H: 0.0
04/08/2024 13:30:16 [INFO] Epoch 17 | J: 274.1503490029438 R: 1207.961941085829 V: 206.14859 H: 0.0
04/08/2024 13:33:06 [INFO] Epoch 18 | J: 261.8395501032079 R: 1165.0357858580905 V: 207.90067 H: 0.0
04/08/2024 13:34:08 [INFO] Epoch 18 | J: 261.8395501032079 R: 1165.0357858580905 V: 207.90067 H: 0.0
04/08/2024 13:36:55 [INFO] Epoch 19 | J: 267.79837088315406 R: 1201.9703682884706 V: 213.89734 H: 0.0
04/08/2024 13:38:00 [INFO] Epoch 19 | J: 267.79837088315406 R: 1201.9703682884706 V: 213.89734 H: 0.0
04/08/2024 13:40:45 [INFO] Epoch 20 | J: 258.1513707296847 R: 1191.2712311883085 V: 205.53369 H: 0.0
04/08/2024 13:41:54 [INFO] Epoch 20 | J: 258.1513707296847 R: 1191.2712311883085 V: 205.53369 H: 0.0
04/08/2024 13:44:36 [INFO] Epoch 21 | J: 229.1518147156574 R: 687.8647151225287 V: 205.37968 H: 0.0
04/08/2024 13:45:48 [INFO] Epoch 21 | J: 229.1518147156574 R: 687.8647151225287 V: 205.37968 H: 0.0
04/08/2024 13:48:27 [INFO] Epoch 22 | J: 233.91816307210055 R: 697.1572846812418 V: 194.4804 H: 0.0
04/08/2024 13:49:43 [INFO] Epoch 22 | J: 233.91816307210055 R: 697.1572846812418 V: 194.4804 H: 0.0
04/08/2024 13:52:18 [INFO] Epoch 23 | J: 226.9207563849423 R: 684.0133336877011 V: 185.10413 H: 0.0
04/08/2024 13:53:38 [INFO] Epoch 23 | J: 226.9207563849423 R: 684.0133336877011 V: 185.10413 H: 0.0
04/08/2024 13:56:10 [INFO] Epoch 24 | J: 248.00909534359158 R: 860.1571704863469 V: 199.57141 H: 0.0
04/08/2024 13:57:33 [INFO] Epoch 24 | J: 248.00909534359158 R: 860.1571704863469 V: 199.57141 H: 0.0
04/08/2024 14:00:01 [INFO] Epoch 25 | J: 217.08452640985973 R: 916.5008549515344 V: 183.52872 H: 0.0
04/08/2024 14:01:29 [INFO] Epoch 25 | J: 217.08452640985973 R: 916.5008549515344 V: 183.52872 H: 0.0
04/08/2024 14:03:56 [INFO] Epoch 26 | J: 231.65786574216935 R: 704.6390286759207 V: 184.19164 H: 0.0
04/08/2024 14:05:27 [INFO] Epoch 26 | J: 231.65786574216935 R: 704.6390286759207 V: 184.19164 H: 0.0
04/08/2024 14:07:48 [INFO] Epoch 27 | J: 280.7233406103716 R: 1315.2297763333086 V: 175.9705 H: 0.0
04/08/2024 14:09:23 [INFO] Epoch 27 | J: 280.7233406103716 R: 1315.2297763333086 V: 175.9705 H: 0.0
04/08/2024 14:11:40 [INFO] Epoch 28 | J: 194.57906071729815 R: 561.3051102220184 V: 177.60718 H: 0.0
04/08/2024 14:13:18 [INFO] Epoch 28 | J: 194.57906071729815 R: 561.3051102220184 V: 177.60718 H: 0.0
04/08/2024 14:15:31 [INFO] Epoch 29 | J: 271.9506708557962 R: 1328.2452802959301 V: 182.28816 H: 0.0
04/08/2024 14:17:13 [INFO] Epoch 29 | J: 271.9506708557962 R: 1328.2452802959301 V: 182.28816 H: 0.0
04/08/2024 14:19:22 [INFO] Epoch 30 | J: 269.9028993388772 R: 1335.5317860573218 V: 190.34955 H: 0.0
04/08/2024 14:21:07 [INFO] Epoch 30 | J: 269.9028993388772 R: 1335.5317860573218 V: 190.34955 H: 0.0
04/08/2024 14:23:16 [INFO] Epoch 31 | J: 272.7997321134874 R: 1207.0391638235533 V: 189.39381 H: 0.0
04/08/2024 14:25:00 [INFO] Epoch 31 | J: 272.7997321134874 R: 1207.0391638235533 V: 189.39381 H: 0.0
04/08/2024 14:27:09 [INFO] Epoch 32 | J: 284.2075021969025 R: 1314.0171731391874 V: 185.92464 H: 0.0
04/08/2024 14:28:54 [INFO] Epoch 32 | J: 284.2075021969025 R: 1314.0171731391874 V: 185.92464 H: 0.0
04/08/2024 14:31:02 [INFO] Epoch 33 | J: 281.6838234031599 R: 1316.5145110435562 V: 193.3327 H: 0.0
04/08/2024 14:32:48 [INFO] Epoch 33 | J: 281.6838234031599 R: 1316.5145110435562 V: 193.3327 H: 0.0
04/08/2024 14:34:54 [INFO] Epoch 34 | J: 238.69417953624333 R: 884.7598275135873 V: 195.90459 H: 0.0
04/08/2024 14:36:43 [INFO] Epoch 34 | J: 238.69417953624333 R: 884.7598275135873 V: 195.90459 H: 0.0
04/08/2024 14:38:46 [INFO] Epoch 35 | J: 267.0688336854322 R: 1083.6109467146223 V: 200.22913 H: 0.0
04/08/2024 14:40:38 [INFO] Epoch 35 | J: 267.0688336854322 R: 1083.6109467146223 V: 200.22913 H: 0.0
04/08/2024 14:42:27 [INFO] Epoch 36 | J: 260.7680025501087 R: 983.1430451685792 V: 207.87456 H: 0.0
04/08/2024 14:44:25 [INFO] Epoch 36 | J: 260.7680025501087 R: 983.1430451685792 V: 207.87456 H: 0.0
04/08/2024 14:46:05 [INFO] Epoch 37 | J: 276.7041555579539 R: 1322.5119698688054 V: 203.48637 H: 0.0
04/08/2024 14:48:04 [INFO] Epoch 37 | J: 276.7041555579539 R: 1322.5119698688054 V: 203.48637 H: 0.0
04/08/2024 14:49:40 [INFO] Epoch 38 | J: 276.7509303197436 R: 1201.9292644142813 V: 198.19942 H: 0.0
04/08/2024 14:51:40 [INFO] Epoch 38 | J: 276.7509303197436 R: 1201.9292644142813 V: 198.19942 H: 0.0
04/08/2024 14:53:12 [INFO] Epoch 39 | J: 241.99971084870566 R: 821.825798620689 V: 207.37534 H: 0.0
04/08/2024 14:55:15 [INFO] Epoch 39 | J: 241.99971084870566 R: 821.825798620689 V: 207.37534 H: 0.0
04/08/2024 14:56:44 [INFO] Epoch 40 | J: 289.8085816674923 R: 1310.0630448287811 V: 200.6356 H: 0.0
04/08/2024 14:58:49 [INFO] Epoch 40 | J: 289.8085816674923 R: 1310.0630448287811 V: 200.6356 H: 0.0
04/08/2024 15:00:13 [INFO] Epoch 41 | J: 236.89670159638234 R: 1091.8549837287458 V: 203.42361 H: 0.0
04/08/2024 15:02:21 [INFO] Epoch 41 | J: 236.89670159638234 R: 1091.8549837287458 V: 203.42361 H: 0.0
04/08/2024 15:03:45 [INFO] Epoch 42 | J: 281.39164915986476 R: 1321.0342220029506 V: 196.63663 H: 0.0
04/08/2024 15:05:56 [INFO] Epoch 42 | J: 281.39164915986476 R: 1321.0342220029506 V: 196.63663 H: 0.0
04/08/2024 15:07:14 [INFO] Epoch 43 | J: 281.6079790572395 R: 1317.6802311509043 V: 201.80614 H: 0.0
04/08/2024 15:09:26 [INFO] Epoch 43 | J: 281.6079790572395 R: 1317.6802311509043 V: 201.80614 H: 0.0
04/08/2024 15:10:43 [INFO] Epoch 44 | J: 250.7370013875815 R: 939.9017007310307 V: 216.21346 H: 0.0
04/08/2024 15:12:59 [INFO] Epoch 44 | J: 250.7370013875815 R: 939.9017007310307 V: 216.21346 H: 0.0
04/08/2024 15:14:12 [INFO] Epoch 45 | J: 292.26350046893975 R: 1309.3491886239915 V: 224.7609 H: 0.0
04/08/2024 15:16:31 [INFO] Epoch 45 | J: 292.26350046893975 R: 1309.3491886239915 V: 224.7609 H: 0.0
04/08/2024 15:17:41 [INFO] Epoch 46 | J: 286.0624829153437 R: 1314.2767574419606 V: 217.78035 H: 0.0
04/08/2024 15:20:03 [INFO] Epoch 46 | J: 286.0624829153437 R: 1314.2767574419606 V: 217.78035 H: 0.0
04/08/2024 15:21:10 [INFO] Epoch 47 | J: 289.3779048100622 R: 1310.8064739733359 V: 216.82153 H: 0.0
04/08/2024 15:23:36 [INFO] Epoch 47 | J: 289.3779048100622 R: 1310.8064739733359 V: 216.82153 H: 0.0
04/08/2024 15:24:38 [INFO] Epoch 48 | J: 256.3597795196467 R: 1100.5396696033417 V: 231.9003 H: 0.0
04/08/2024 15:27:08 [INFO] Epoch 48 | J: 256.3597795196467 R: 1100.5396696033417 V: 231.9003 H: 0.0
04/08/2024 15:28:06 [INFO] Epoch 49 | J: 297.1009047967271 R: 1302.9948378849128 V: 231.75012 H: 0.0
04/08/2024 15:30:41 [INFO] Epoch 49 | J: 297.1009047967271 R: 1302.9948378849128 V: 231.75012 H: 0.0
04/08/2024 15:31:34 [INFO] Epoch 50 | J: 297.7752868292563 R: 1300.6135158827371 V: 240.27261 H: 0.0
04/08/2024 15:34:15 [INFO] Epoch 50 | J: 297.7752868292563 R: 1300.6135158827371 V: 240.27261 H: 0.0
04/08/2024 15:35:04 [INFO] Epoch 51 | J: 267.16981823339864 R: 1141.1084349332923 V: 239.59616 H: 0.0
04/08/2024 15:37:48 [INFO] Epoch 51 | J: 267.16981823339864 R: 1141.1084349332923 V: 239.59616 H: 0.0
04/08/2024 15:38:33 [INFO] Epoch 52 | J: 290.74881618459494 R: 1309.5169413759427 V: 240.68974 H: 0.0
04/08/2024 15:41:20 [INFO] Epoch 52 | J: 290.74881618459494 R: 1309.5169413759427 V: 240.68974 H: 0.0
04/08/2024 15:42:03 [INFO] Epoch 53 | J: 296.04241180912817 R: 1302.5071085409693 V: 243.8031 H: 0.0
04/08/2024 15:44:53 [INFO] Epoch 53 | J: 296.04241180912817 R: 1302.5071085409693 V: 243.8031 H: 0.0
04/08/2024 15:45:32 [INFO] Epoch 54 | J: 286.05682258877 R: 1314.2936465917035 V: 232.83772 H: 0.0
04/08/2024 15:48:25 [INFO] Epoch 54 | J: 286.05682258877 R: 1314.2936465917035 V: 232.83772 H: 0.0
04/08/2024 15:49:01 [INFO] Epoch 55 | J: 287.0510924075903 R: 1313.1955844820288 V: 243.0585 H: 0.0
04/08/2024 15:51:58 [INFO] Epoch 55 | J: 287.0510924075903 R: 1313.1955844820288 V: 243.0585 H: 0.0
04/08/2024 15:52:31 [INFO] Epoch 56 | J: 296.05602893026855 R: 1303.657748038222 V: 233.89236 H: 0.0
04/08/2024 15:55:31 [INFO] Epoch 56 | J: 296.05602893026855 R: 1303.657748038222 V: 233.89236 H: 0.0
04/08/2024 15:56:01 [INFO] Epoch 57 | J: 251.96600778561407 R: 894.3120727274609 V: 236.53813 H: 0.0
04/08/2024 15:59:05 [INFO] Epoch 57 | J: 251.96600778561407 R: 894.3120727274609 V: 236.53813 H: 0.0
04/08/2024 15:59:32 [INFO] Epoch 58 | J: 292.0484647446465 R: 1305.8544491964913 V: 228.89957 H: 0.0
04/08/2024 16:02:38 [INFO] Epoch 58 | J: 292.0484647446465 R: 1305.8544491964913 V: 228.89957 H: 0.0
04/08/2024 16:03:05 [INFO] Epoch 59 | J: 295.00317203983184 R: 1306.0847396357156 V: 246.26965 H: 0.0
04/08/2024 16:06:15 [INFO] Epoch 59 | J: 295.00317203983184 R: 1306.0847396357156 V: 246.26965 H: 0.0
04/08/2024 16:06:36 [INFO] Epoch 60 | J: 294.5014872099465 R: 1308.0610298549386 V: 252.61418 H: 0.0
04/08/2024 16:09:47 [INFO] Epoch 60 | J: 294.5014872099465 R: 1308.0610298549386 V: 252.61418 H: 0.0
05/08/2024 23:25:39 [INFO] ###################################################################################################
05/08/2024 23:25:39 [INFO] Experiment Algorithm: TD3
05/08/2024 23:25:39 [INFO] Epoch 0 | J: 24.06174910057605 R: 28.222934217767282 V: 0.012080458 H: 0.0
05/08/2024 23:28:48 [INFO] Epoch 1 | J: 1.7639372411720402 R: 1.760819243054844 V: 1.7681834 H: 0.0
05/08/2024 23:32:01 [INFO] Epoch 2 | J: 1.7171008022824694 R: 1.7121467574483222 V: 1.7736629 H: 0.0
05/08/2024 23:35:16 [INFO] Epoch 3 | J: 1.8119976179310566 R: 1.8108396894083665 V: 1.7908252 H: 0.0
05/08/2024 23:38:36 [INFO] Epoch 4 | J: 1.7517888090344775 R: 1.7480542526956449 V: 1.7543564 H: 0.0
05/08/2024 23:42:08 [INFO] Epoch 5 | J: 3.12551324281572 R: 3.177684812068077 V: 3.11493 H: 0.0
05/08/2024 23:45:44 [INFO] Epoch 6 | J: 5.775793630172669 R: 5.937469962363735 V: 5.738585 H: 0.0
05/08/2024 23:49:22 [INFO] Epoch 7 | J: 5.73748308628 R: 5.898592363148055 V: 5.7261744 H: 0.0
05/08/2024 23:53:04 [INFO] Epoch 8 | J: 5.746321627032461 R: 5.907609145482562 V: 5.714338 H: 0.0
05/08/2024 23:56:45 [INFO] Epoch 9 | J: 5.713162597310989 R: 5.872723594808676 V: 5.7420425 H: 0.0
06/08/2024 00:00:35 [INFO] Epoch 10 | J: 3.584485340826428 R: 3.6424961365139703 V: 3.086453 H: 0.0
06/08/2024 00:04:44 [INFO] Epoch 11 | J: 3.5246597317199253 R: 3.578337728702374 V: 3.5012214 H: 0.0
06/08/2024 00:09:13 [INFO] Epoch 12 | J: 3.572352701039704 R: 3.6289849273402965 V: 3.5419586 H: 0.0
06/08/2024 00:13:02 [INFO] Epoch 13 | J: 3.627068606923589 R: 3.6875379574550835 V: 3.5268471 H: 0.0
06/08/2024 00:17:20 [INFO] Epoch 14 | J: 3.6158019295168997 R: 3.6746906002890456 V: 3.5388427 H: 0.0
06/08/2024 00:21:31 [INFO] Epoch 15 | J: 3.5613159410924924 R: 3.6173875521188092 V: 3.5706813 H: 0.0
06/08/2024 00:25:11 [INFO] Epoch 16 | J: 3.5777939254626006 R: 3.6330562088869143 V: 3.5583472 H: 0.0
06/08/2024 00:28:51 [INFO] Epoch 17 | J: 3.644352473202221 R: 3.704135225962382 V: 3.5350602 H: 0.0
06/08/2024 00:32:32 [INFO] Epoch 18 | J: 3.549642771760108 R: 3.604278082246713 V: 3.527761 H: 0.0
06/08/2024 00:36:12 [INFO] Epoch 19 | J: 3.5140793002566504 R: 3.5662401589157158 V: 3.5423622 H: 0.0
06/08/2024 00:39:52 [INFO] Epoch 20 | J: 3.5058615715467076 R: 3.559355129444664 V: 3.5405304 H: 0.0
06/08/2024 00:43:31 [INFO] Epoch 21 | J: -0.46838697959797315 R: -1.173314724869614 V: 3.2812552 H: 0.0
06/08/2024 00:47:07 [INFO] Epoch 22 | J: -0.7258142304092672 R: -1.4918076149643023 V: -0.7189195 H: 0.0
06/08/2024 00:50:43 [INFO] Epoch 23 | J: -0.49636968336440235 R: -1.2840707335857229 V: -0.6155363 H: 0.0
06/08/2024 00:54:21 [INFO] Epoch 24 | J: 3.5034300459009335 R: 3.55790199265821 V: 3.432198 H: 0.0
06/08/2024 00:57:59 [INFO] Epoch 25 | J: 3.5747202601721684 R: 3.632261586779503 V: 3.4854138 H: 0.0
06/08/2024 01:01:37 [INFO] Epoch 26 | J: 3.525386245309398 R: 3.5778018031796366 V: 3.4849212 H: 0.0
06/08/2024 01:05:46 [INFO] Epoch 27 | J: 3.532683104573745 R: 3.5880618370658595 V: 3.3152752 H: 0.0
06/08/2024 01:09:54 [INFO] Epoch 28 | J: 3.5324291095960683 R: 3.5886357845422863 V: 3.300082 H: 0.0
06/08/2024 01:13:33 [INFO] Epoch 29 | J: 3.592014510148001 R: 3.6487177919391827 V: 3.3347485 H: 0.0
06/08/2024 01:17:13 [INFO] Epoch 30 | J: 3.5733739908248943 R: 3.630962288966761 V: 3.3039181 H: 0.0
06/08/2024 01:20:49 [INFO] Epoch 31 | J: 3.58650500459681 R: 3.643351593769694 V: 2.680757 H: 0.0
06/08/2024 01:24:25 [INFO] Epoch 32 | J: 3.5372351004093345 R: 3.5943819650654363 V: 2.8279564 H: 0.0
06/08/2024 01:27:59 [INFO] Epoch 33 | J: 3.5164394057520334 R: 3.569789160741012 V: 1.1129792 H: 0.0
06/08/2024 01:31:36 [INFO] Epoch 34 | J: 3.583201811627551 R: 3.640549871685007 V: 3.4047272 H: 0.0
06/08/2024 01:35:12 [INFO] Epoch 35 | J: 3.5429734993756186 R: 3.5973570842797464 V: 3.3868155 H: 0.0
06/08/2024 01:38:47 [INFO] Epoch 36 | J: 3.6042098084762784 R: 3.661011280826126 V: 3.4864235 H: 0.0
06/08/2024 01:42:22 [INFO] Epoch 37 | J: 3.579166091141667 R: 3.636154088655053 V: 3.4380536 H: 0.0
06/08/2024 01:45:57 [INFO] Epoch 38 | J: 3.5749875298669878 R: 3.6298294787462937 V: 3.477942 H: 0.0
06/08/2024 01:49:33 [INFO] Epoch 39 | J: 3.6111887289712974 R: 3.669159264191123 V: 3.5081344 H: 0.0
06/08/2024 01:53:09 [INFO] Epoch 40 | J: 3.6273807787513754 R: 3.6874996031253082 V: 3.524065 H: 0.0
06/08/2024 01:56:47 [INFO] Epoch 41 | J: 3.633738901606572 R: 3.6929761833307437 V: 3.519809 H: 0.0
06/08/2024 02:00:26 [INFO] Epoch 42 | J: 3.542664371968437 R: 3.597137496048422 V: 3.5353782 H: 0.0
06/08/2024 02:04:30 [INFO] Epoch 43 | J: 3.6189872979955937 R: 3.6786025334530166 V: 3.5082748 H: 0.0
06/08/2024 02:08:43 [INFO] Epoch 44 | J: 3.501562939604066 R: 3.5537915336821078 V: 3.4783864 H: 0.0
06/08/2024 02:12:35 [INFO] Epoch 45 | J: 3.537718290820158 R: 3.592542461748476 V: 3.560473 H: 0.0
06/08/2024 02:16:17 [INFO] Epoch 46 | J: 3.4732558146553116 R: 3.525819607746341 V: 3.4725978 H: 0.0
06/08/2024 02:19:59 [INFO] Epoch 47 | J: 3.515638679988257 R: 3.5695691276102197 V: 3.4395823 H: 0.0
06/08/2024 02:23:41 [INFO] Epoch 48 | J: 3.464188915909228 R: 3.5163592017634864 V: 3.3711822 H: 0.0
06/08/2024 02:27:21 [INFO] Epoch 49 | J: 3.574858391736048 R: 3.6329364994314775 V: 3.4221778 H: 0.0
06/08/2024 02:31:02 [INFO] Epoch 50 | J: 3.5761682845931064 R: 3.63293277478176 V: 3.5215194 H: 0.0
06/08/2024 02:34:43 [INFO] Epoch 51 | J: 3.525873373428845 R: 3.5801027840364825 V: 3.458009 H: 0.0
06/08/2024 02:38:24 [INFO] Epoch 52 | J: 3.6203669431681527 R: 3.677866805735067 V: 3.54017 H: 0.0
06/08/2024 02:42:05 [INFO] Epoch 53 | J: 3.551007788252955 R: 3.607010790393731 V: 3.4746404 H: 0.0
06/08/2024 02:45:46 [INFO] Epoch 54 | J: 3.511994201515646 R: 3.5643393531451473 V: 3.4841866 H: 0.0
06/08/2024 02:49:27 [INFO] Epoch 55 | J: 3.601320717330247 R: 3.6582273464521924 V: 3.5429435 H: 0.0
06/08/2024 02:53:08 [INFO] Epoch 56 | J: 3.593366922730385 R: 3.651883429436057 V: 3.4220886 H: 0.0
06/08/2024 02:56:49 [INFO] Epoch 57 | J: 3.507316289367826 R: 3.5602235079824993 V: 3.4897397 H: 0.0
06/08/2024 03:00:30 [INFO] Epoch 58 | J: 3.633622290094478 R: 3.6925470046849647 V: 3.4979966 H: 0.0
06/08/2024 03:04:31 [INFO] Epoch 59 | J: 3.535440804369504 R: 3.5909889221890396 V: 3.5337443 H: 0.0
06/08/2024 03:08:42 [INFO] Epoch 60 | J: 3.6830912498995496 R: 3.7429503560803616 V: 3.6253822 H: 0.0
