04/08/2024 20:48:30 [INFO] ###################################################################################################
04/08/2024 20:48:30 [INFO] Experiment Algorithm: PPO
04/08/2024 20:48:30 [INFO] Epoch 0 | J: 4.192310003329226 R: 4.25366897102726 V: -0.6816945 H: 4.256815433502197
04/08/2024 20:48:49 [INFO] Epoch 1 | J: 18.25208291098977 R: 20.967522978579545 V: 1.3651459 H: 4.163427352905273
04/08/2024 20:49:10 [INFO] Epoch 2 | J: 14.431866038601285 R: 15.796315221778036 V: 4.3077803 H: 4.141622066497803
04/08/2024 20:49:30 [INFO] Epoch 3 | J: 34.223403322297926 R: 44.31302908565496 V: 8.686658 H: 4.134056091308594
04/08/2024 20:49:50 [INFO] Epoch 4 | J: 36.55445643769308 R: 49.22743433985799 V: 17.137352 H: 4.112039089202881
04/08/2024 20:50:11 [INFO] Epoch 5 | J: 85.96007008060192 R: 253.2014703227177 V: 29.625637 H: 4.099310874938965
04/08/2024 20:50:32 [INFO] Epoch 6 | J: 101.81753241179369 R: 315.34159768966 V: 45.38501 H: 4.0868964195251465
04/08/2024 20:50:52 [INFO] Epoch 7 | J: 92.71642957260694 R: 189.2424672568178 V: 61.75818 H: 4.10689115524292
04/08/2024 20:51:13 [INFO] Epoch 8 | J: 92.81610247004184 R: 189.2804275523084 V: 76.595345 H: 4.108553409576416
04/08/2024 20:51:34 [INFO] Epoch 9 | J: 115.2470624184889 R: 257.2522458244799 V: 86.83057 H: 4.0798420906066895
04/08/2024 20:51:54 [INFO] Epoch 10 | J: 124.02684348507618 R: 227.3480716724041 V: 97.065384 H: 4.056434631347656
04/08/2024 20:52:15 [INFO] Epoch 11 | J: 137.77925707848888 R: 257.76354472408025 V: 106.54714 H: 4.033732891082764
04/08/2024 20:52:35 [INFO] Epoch 12 | J: 143.68811945409647 R: 276.0112752345055 V: 116.38816 H: 4.0234880447387695
04/08/2024 20:52:56 [INFO] Epoch 13 | J: 141.94513909312053 R: 262.6189698238037 V: 124.650955 H: 4.032312393188477
04/08/2024 20:53:16 [INFO] Epoch 14 | J: 140.90893077430866 R: 261.4310441390395 V: 127.672386 H: 4.014777183532715
04/08/2024 20:53:37 [INFO] Epoch 15 | J: 149.727123531375 R: 293.06848584444606 V: 130.62814 H: 3.990807294845581
04/08/2024 20:53:58 [INFO] Epoch 16 | J: 146.02154386521352 R: 269.5680398258725 V: 133.11728 H: 3.9802627563476562
04/08/2024 20:54:18 [INFO] Epoch 17 | J: 149.2280145337886 R: 279.5204124539802 V: 135.47232 H: 3.9845101833343506
04/08/2024 20:54:39 [INFO] Epoch 18 | J: 148.78951684766417 R: 279.0260514243127 V: 137.29483 H: 3.961009979248047
04/08/2024 20:54:59 [INFO] Epoch 19 | J: 152.84674110446804 R: 289.98703920723 V: 138.46274 H: 3.9485023021698
04/08/2024 20:55:20 [INFO] Epoch 20 | J: 152.44782061770053 R: 294.2910758392588 V: 139.7166 H: 3.9145419597625732
04/08/2024 20:55:41 [INFO] Epoch 21 | J: 153.07897890557882 R: 293.3677375763017 V: 140.9665 H: 3.8766627311706543
04/08/2024 20:56:02 [INFO] Epoch 22 | J: 154.7511819665712 R: 298.6489104666559 V: 141.88347 H: 3.879448175430298
04/08/2024 20:56:22 [INFO] Epoch 23 | J: 154.03770074492513 R: 292.46970305007824 V: 142.80109 H: 3.855902671813965
04/08/2024 20:56:43 [INFO] Epoch 24 | J: 150.74784247965624 R: 282.94733829005924 V: 143.84163 H: 3.836653709411621
04/08/2024 20:57:04 [INFO] Epoch 25 | J: 151.4809585603963 R: 285.57167981690543 V: 144.13582 H: 3.833958625793457
04/08/2024 20:57:24 [INFO] Epoch 26 | J: 147.57974968145373 R: 270.67922610847774 V: 145.75935 H: 3.842154026031494
04/08/2024 20:57:45 [INFO] Epoch 27 | J: 159.41693723684008 R: 310.8697870948473 V: 147.24168 H: 3.846524238586426
04/08/2024 20:58:05 [INFO] Epoch 28 | J: 158.45825479993658 R: 303.2509523479133 V: 147.76126 H: 3.8492109775543213
04/08/2024 20:58:26 [INFO] Epoch 29 | J: 160.5631904423337 R: 310.8189022299029 V: 147.96759 H: 3.8444085121154785
04/08/2024 20:58:46 [INFO] Epoch 30 | J: 167.84400156989807 R: 331.1512557380328 V: 148.79091 H: 3.8285322189331055
04/08/2024 20:59:07 [INFO] Epoch 31 | J: 162.8935900517169 R: 314.90447964846777 V: 150.04712 H: 3.8353309631347656
04/08/2024 20:59:28 [INFO] Epoch 32 | J: 155.1007066509739 R: 296.0558141445726 V: 152.07602 H: 3.8406190872192383
04/08/2024 20:59:48 [INFO] Epoch 33 | J: 146.50517757538302 R: 273.66679698699346 V: 153.97096 H: 3.854663133621216
04/08/2024 21:00:09 [INFO] Epoch 34 | J: 104.7514940476538 R: 157.45077753243635 V: 154.89111 H: 3.832566499710083
04/08/2024 21:00:29 [INFO] Epoch 35 | J: 104.07759928829216 R: 156.75897474609678 V: 128.27612 H: 3.837066888809204
04/08/2024 21:00:49 [INFO] Epoch 36 | J: 105.6701940354192 R: 159.90520644601355 V: 117.20132 H: 3.8150835037231445
04/08/2024 21:01:10 [INFO] Epoch 37 | J: 111.94110441407705 R: 175.0761003997815 V: 109.48816 H: 3.817594289779663
04/08/2024 21:01:31 [INFO] Epoch 38 | J: 122.81576440977217 R: 200.20914668976405 V: 108.54314 H: 3.7942142486572266
04/08/2024 21:01:51 [INFO] Epoch 39 | J: 131.0377171371345 R: 221.3607185394264 V: 111.982315 H: 3.793565273284912
04/08/2024 21:02:12 [INFO] Epoch 40 | J: 126.84499655660503 R: 212.2402606949102 V: 117.79179 H: 3.805982828140259
04/08/2024 21:02:33 [INFO] Epoch 41 | J: 143.2656138919594 R: 255.77713905242098 V: 124.156494 H: 3.816185235977173
04/08/2024 21:02:53 [INFO] Epoch 42 | J: 148.93390814002768 R: 272.1489406501155 V: 129.69254 H: 3.7799184322357178
04/08/2024 21:03:15 [INFO] Epoch 43 | J: 149.43756827059488 R: 275.8978396223699 V: 134.67612 H: 3.764105796813965
04/08/2024 21:03:35 [INFO] Epoch 44 | J: 147.3069854151882 R: 267.6288562733849 V: 137.69151 H: 3.76765513420105
04/08/2024 21:03:56 [INFO] Epoch 45 | J: 143.78539776841112 R: 259.54341777738824 V: 139.54587 H: 3.7340424060821533
04/08/2024 21:04:17 [INFO] Epoch 46 | J: 147.2356865443997 R: 267.08924409003237 V: 140.59277 H: 3.7176711559295654
04/08/2024 21:04:38 [INFO] Epoch 47 | J: 147.78758635567684 R: 268.65038802224683 V: 140.03677 H: 3.7180399894714355
04/08/2024 21:04:59 [INFO] Epoch 48 | J: 140.46543313411397 R: 246.13865700170663 V: 138.62027 H: 3.70379900932312
04/08/2024 21:05:19 [INFO] Epoch 49 | J: 140.63717781326534 R: 245.76095833703374 V: 137.88062 H: 3.7344276905059814
04/08/2024 21:05:40 [INFO] Epoch 50 | J: 145.42091476931097 R: 259.5634190125767 V: 137.71028 H: 3.7293553352355957
04/08/2024 21:06:01 [INFO] Epoch 51 | J: 141.05125653100208 R: 247.24857460909584 V: 137.76242 H: 3.736494541168213
04/08/2024 21:06:21 [INFO] Epoch 52 | J: 144.34464009213843 R: 257.1049803998459 V: 137.33289 H: 3.748347759246826
04/08/2024 21:06:42 [INFO] Epoch 53 | J: 141.4122893405119 R: 248.01157597124816 V: 137.07825 H: 3.761826753616333
04/08/2024 21:07:03 [INFO] Epoch 54 | J: 142.272099788295 R: 250.04450493735447 V: 136.0554 H: 3.7578577995300293
04/08/2024 21:07:23 [INFO] Epoch 55 | J: 141.93594049798483 R: 251.45875685859306 V: 135.5908 H: 3.745360851287842
04/08/2024 21:07:44 [INFO] Epoch 56 | J: 144.8092810529814 R: 260.8928074058389 V: 135.29355 H: 3.7297070026397705
04/08/2024 21:08:05 [INFO] Epoch 57 | J: 142.24529401928095 R: 252.75651563832744 V: 135.58209 H: 3.7265045642852783
04/08/2024 21:08:26 [INFO] Epoch 58 | J: 152.05420650762227 R: 281.12682769769054 V: 136.05144 H: 3.717546224594116
04/08/2024 21:08:47 [INFO] Epoch 59 | J: 147.0166605873986 R: 268.79903153274364 V: 137.4257 H: 3.7310597896575928
04/08/2024 21:09:08 [INFO] Epoch 60 | J: 153.33595020216742 R: 283.25605893340287 V: 138.14287 H: 3.730018377304077
04/08/2024 21:09:29 [INFO] Epoch 61 | J: 153.87594213853868 R: 287.6461854618151 V: 140.15964 H: 3.7225914001464844
04/08/2024 21:09:50 [INFO] Epoch 62 | J: 151.32683540135105 R: 280.4806460135375 V: 141.8231 H: 3.7181308269500732
04/08/2024 21:10:11 [INFO] Epoch 63 | J: 157.5190690433861 R: 300.2869600616864 V: 143.47525 H: 3.7158594131469727
04/08/2024 21:10:32 [INFO] Epoch 64 | J: 153.44800796643236 R: 286.1173640793804 V: 144.48804 H: 3.7005763053894043
04/08/2024 21:10:53 [INFO] Epoch 65 | J: 159.23954224819272 R: 303.6825657484218 V: 146.81955 H: 3.670327663421631
04/08/2024 21:11:13 [INFO] Epoch 66 | J: 162.89594546825492 R: 312.50243686493 V: 148.66444 H: 3.6732969284057617
04/08/2024 21:11:34 [INFO] Epoch 67 | J: 159.36549840649909 R: 302.903015074222 V: 150.41447 H: 3.675682544708252
04/08/2024 21:11:55 [INFO] Epoch 68 | J: 163.04163392644563 R: 312.9814673965067 V: 150.74893 H: 3.6704492568969727
04/08/2024 21:12:16 [INFO] Epoch 69 | J: 164.69931386205468 R: 318.73815368722217 V: 152.08046 H: 3.660684585571289
04/08/2024 21:12:37 [INFO] Epoch 70 | J: 158.1737705137818 R: 298.610910686838 V: 152.7933 H: 3.672090530395508
04/08/2024 21:12:58 [INFO] Epoch 71 | J: 158.11684020015835 R: 297.6090393225567 V: 153.64603 H: 3.677208423614502
04/08/2024 21:13:19 [INFO] Epoch 72 | J: 164.0831659312792 R: 315.27065261172675 V: 152.51352 H: 3.6551928520202637
04/08/2024 21:13:40 [INFO] Epoch 73 | J: 157.2152806821005 R: 295.7814955229169 V: 152.61179 H: 3.670711040496826
04/08/2024 21:14:01 [INFO] Epoch 74 | J: 162.0320240081215 R: 308.916310951651 V: 153.73718 H: 3.6721339225769043
04/08/2024 21:14:22 [INFO] Epoch 75 | J: 164.80826578620125 R: 318.22559291747916 V: 154.00862 H: 3.687551975250244
04/08/2024 21:14:43 [INFO] Epoch 76 | J: 153.62850392940257 R: 282.6359323515402 V: 155.58702 H: 3.6867847442626953
04/08/2024 21:15:04 [INFO] Epoch 77 | J: 154.69747679078733 R: 286.70626338668126 V: 155.48361 H: 3.7082743644714355
04/08/2024 21:15:25 [INFO] Epoch 78 | J: 158.19154262557407 R: 296.8357847314211 V: 152.36702 H: 3.695589065551758
04/08/2024 21:15:46 [INFO] Epoch 79 | J: 160.03187473343436 R: 304.21000024053217 V: 151.04248 H: 3.673060417175293
04/08/2024 21:16:07 [INFO] Epoch 80 | J: 162.32215598256408 R: 311.5297565326301 V: 152.116 H: 3.6890101432800293
04/08/2024 21:16:28 [INFO] Epoch 81 | J: 163.69348485740747 R: 314.08236787235 V: 153.81839 H: 3.679828643798828
04/08/2024 21:16:49 [INFO] Epoch 82 | J: 150.07525733087726 R: 273.25687955106855 V: 155.42177 H: 3.771300792694092
04/08/2024 21:17:10 [INFO] Epoch 83 | J: 152.16810438783887 R: 279.111481824562 V: 153.80836 H: 3.7632031440734863
04/08/2024 21:17:31 [INFO] Epoch 84 | J: 154.53002049000781 R: 286.113362767098 V: 149.04153 H: 3.7623708248138428
04/08/2024 21:17:51 [INFO] Epoch 85 | J: 152.4355065744831 R: 279.6100736345643 V: 147.30977 H: 3.7603132724761963
04/08/2024 21:18:12 [INFO] Epoch 86 | J: 155.74959466382262 R: 289.7535198984667 V: 148.45389 H: 3.7376208305358887
04/08/2024 21:18:33 [INFO] Epoch 87 | J: 155.82637206786495 R: 289.9574880007192 V: 150.61249 H: 3.734126091003418
04/08/2024 21:18:54 [INFO] Epoch 88 | J: 156.79033933144567 R: 292.29624873102824 V: 152.36026 H: 3.7394278049468994
04/08/2024 21:19:15 [INFO] Epoch 89 | J: 160.36561058722108 R: 304.30995235207104 V: 153.91516 H: 3.739459991455078
04/08/2024 21:19:36 [INFO] Epoch 90 | J: 165.4736793473125 R: 319.35959900747986 V: 155.14291 H: 3.729671001434326
04/08/2024 21:19:58 [INFO] Epoch 91 | J: 163.8931420788928 R: 315.46384237447893 V: 156.02823 H: 3.7022650241851807
04/08/2024 21:20:19 [INFO] Epoch 92 | J: 165.9703935859161 R: 322.7549228046256 V: 157.99312 H: 3.6648154258728027
04/08/2024 21:20:40 [INFO] Epoch 93 | J: 167.06003689819937 R: 323.86890233070505 V: 158.9321 H: 3.6824426651000977
04/08/2024 21:21:01 [INFO] Epoch 94 | J: 170.04030278340258 R: 335.167854326607 V: 160.7999 H: 3.7028379440307617
04/08/2024 21:21:22 [INFO] Epoch 95 | J: 165.09244431368558 R: 319.1611499910827 V: 162.16667 H: 3.6935653686523438
04/08/2024 21:21:43 [INFO] Epoch 96 | J: 166.7321373773836 R: 324.7707159631012 V: 163.3345 H: 3.7099993228912354
04/08/2024 21:22:04 [INFO] Epoch 97 | J: 165.94983634556658 R: 321.57221254637363 V: 163.86288 H: 3.697054862976074
04/08/2024 21:22:25 [INFO] Epoch 98 | J: 162.98771128866073 R: 311.5043704881681 V: 162.74358 H: 3.6702303886413574
04/08/2024 21:22:46 [INFO] Epoch 99 | J: 166.31647263411588 R: 322.0280238250648 V: 161.6563 H: 3.666992425918579
04/08/2024 21:23:08 [INFO] Epoch 100 | J: 165.93288576378671 R: 323.534169010489 V: 161.12616 H: 3.6509852409362793
04/08/2024 21:23:29 [INFO] Epoch 101 | J: 167.7986839942941 R: 328.0281357173637 V: 161.61728 H: 3.6217141151428223
04/08/2024 21:23:50 [INFO] Epoch 102 | J: 171.8303264853152 R: 341.7175168730556 V: 162.24821 H: 3.636200428009033
04/08/2024 21:24:11 [INFO] Epoch 103 | J: 170.31924189480043 R: 337.0295780661263 V: 162.91666 H: 3.6294026374816895
04/08/2024 21:24:32 [INFO] Epoch 104 | J: 169.79722308640947 R: 333.52102561846266 V: 163.94377 H: 3.61155366897583
04/08/2024 21:24:53 [INFO] Epoch 105 | J: 167.82106847018724 R: 330.8575537763819 V: 164.85966 H: 3.6036529541015625
04/08/2024 21:25:15 [INFO] Epoch 106 | J: 175.3737089785057 R: 355.81683404976144 V: 165.6923 H: 3.608847141265869
04/08/2024 21:25:36 [INFO] Epoch 107 | J: 175.03242617267307 R: 354.9551188907811 V: 165.80992 H: 3.6063148975372314
04/08/2024 21:25:57 [INFO] Epoch 108 | J: 158.94853224768886 R: 300.25317946749897 V: 164.0669 H: 3.638991355895996
04/08/2024 21:26:18 [INFO] Epoch 109 | J: 158.47643516270472 R: 297.7368213982496 V: 155.49802 H: 3.638758897781372
04/08/2024 21:26:39 [INFO] Epoch 110 | J: 162.1432242347884 R: 311.1976010846073 V: 152.03511 H: 3.6303365230560303
04/08/2024 21:27:01 [INFO] Epoch 111 | J: 162.01609292090885 R: 309.09626364385383 V: 153.50409 H: 3.6357407569885254
04/08/2024 21:27:22 [INFO] Epoch 112 | J: 158.55277967842773 R: 298.40034038045326 V: 154.94612 H: 3.646484375
04/08/2024 21:27:43 [INFO] Epoch 113 | J: 159.1877727125289 R: 300.1559371042302 V: 156.12453 H: 3.6316652297973633
04/08/2024 21:28:04 [INFO] Epoch 114 | J: 160.76744629063714 R: 305.03781500921633 V: 157.71414 H: 3.6093316078186035
04/08/2024 21:28:25 [INFO] Epoch 115 | J: 164.5064720163102 R: 316.80844617375794 V: 158.29683 H: 3.59611177444458
04/08/2024 21:28:46 [INFO] Epoch 116 | J: 164.5313688753848 R: 317.5023612685633 V: 158.2168 H: 3.5867552757263184
04/08/2024 21:29:07 [INFO] Epoch 117 | J: 164.85654387101107 R: 317.5036329526142 V: 157.51556 H: 3.5849156379699707
04/08/2024 21:29:29 [INFO] Epoch 118 | J: 165.270263099842 R: 319.2237875247941 V: 158.15683 H: 3.568502902984619
04/08/2024 21:29:50 [INFO] Epoch 119 | J: 169.41185966695184 R: 331.24088868861975 V: 159.43297 H: 3.583773612976074
04/08/2024 21:30:11 [INFO] Epoch 120 | J: 169.02092566129403 R: 330.10704235523093 V: 161.3061 H: 3.5933494567871094
04/08/2024 21:30:32 [INFO] Epoch 121 | J: 170.40686513810243 R: 335.60793332493205 V: 162.19615 H: 3.5987608432769775
04/08/2024 21:30:53 [INFO] Epoch 122 | J: 166.97095449865157 R: 323.9346959597188 V: 163.59724 H: 3.5978384017944336
04/08/2024 21:31:14 [INFO] Epoch 123 | J: 166.6735364706085 R: 323.73133830429407 V: 165.23839 H: 3.5854039192199707
04/08/2024 21:31:35 [INFO] Epoch 124 | J: 172.91484105095043 R: 342.31105636683594 V: 166.18259 H: 3.575714588165283
04/08/2024 21:31:57 [INFO] Epoch 125 | J: 170.57267218499436 R: 335.0564854483333 V: 167.64566 H: 3.590559244155884
04/08/2024 21:32:18 [INFO] Epoch 126 | J: 171.89177867609618 R: 339.3388558273847 V: 167.54335 H: 3.5844292640686035
04/08/2024 21:32:39 [INFO] Epoch 127 | J: 175.9196077364457 R: 352.61836000142995 V: 167.83566 H: 3.5766804218292236
04/08/2024 21:33:00 [INFO] Epoch 128 | J: 175.4080481154686 R: 352.61411542429494 V: 169.4427 H: 3.588686943054199
04/08/2024 21:33:21 [INFO] Epoch 129 | J: 174.70743333281504 R: 349.24929799227675 V: 170.21893 H: 3.548929452896118
04/08/2024 21:33:43 [INFO] Epoch 130 | J: 177.6092977003513 R: 358.3707389690761 V: 170.72371 H: 3.5629777908325195
04/08/2024 21:34:04 [INFO] Epoch 131 | J: 176.57766338176427 R: 353.83901827810735 V: 170.8193 H: 3.543330669403076
04/08/2024 21:34:25 [INFO] Epoch 132 | J: 174.64290426900223 R: 350.1114969085087 V: 170.36072 H: 3.533033609390259
04/08/2024 21:34:47 [INFO] Epoch 133 | J: 176.7340235784406 R: 355.424937059289 V: 170.16713 H: 3.5461864471435547
04/08/2024 21:35:08 [INFO] Epoch 134 | J: 175.78281146479517 R: 351.9306245042851 V: 170.30246 H: 3.553271770477295
04/08/2024 21:35:29 [INFO] Epoch 135 | J: 174.86638261960812 R: 350.48080370718026 V: 171.25533 H: 3.550238609313965
04/08/2024 21:35:50 [INFO] Epoch 136 | J: 176.65739269476308 R: 354.99442687316593 V: 170.52654 H: 3.5557498931884766
04/08/2024 21:36:12 [INFO] Epoch 137 | J: 177.3755199031341 R: 355.1474266718459 V: 171.493 H: 3.55401873588562
04/08/2024 21:36:33 [INFO] Epoch 138 | J: 179.5925113889868 R: 364.27274019157915 V: 172.92957 H: 3.5613293647766113
04/08/2024 21:36:54 [INFO] Epoch 139 | J: 178.68496532919772 R: 361.3072286552401 V: 174.27847 H: 3.562784433364868
04/08/2024 21:37:16 [INFO] Epoch 140 | J: 179.25419314533343 R: 364.37984764883197 V: 175.18887 H: 3.54807448387146
04/08/2024 21:37:37 [INFO] Epoch 141 | J: 178.9860073391814 R: 362.87659915469146 V: 174.62112 H: 3.563323974609375
04/08/2024 21:37:58 [INFO] Epoch 142 | J: 162.23819923046122 R: 316.96191016107576 V: 173.85077 H: 3.5795817375183105
04/08/2024 21:38:19 [INFO] Epoch 143 | J: 134.38018763240743 R: 233.4701964483836 V: 175.71901 H: 3.590176582336426
04/08/2024 21:38:41 [INFO] Epoch 144 | J: 157.99469152653052 R: 298.0497960109368 V: 166.7971 H: 3.5960335731506348
04/08/2024 21:39:02 [INFO] Epoch 145 | J: 169.74052576517673 R: 335.3810852532578 V: 159.61494 H: 3.5994699001312256
04/08/2024 21:39:23 [INFO] Epoch 146 | J: 167.64751684949175 R: 327.12974426113243 V: 157.12022 H: 3.574087142944336
04/08/2024 21:39:44 [INFO] Epoch 147 | J: 175.8998863873242 R: 354.42122456667386 V: 161.12396 H: 3.5567734241485596
04/08/2024 21:40:06 [INFO] Epoch 148 | J: 172.35598440331276 R: 341.7498283666467 V: 165.5667 H: 3.5657994747161865
04/08/2024 21:40:27 [INFO] Epoch 149 | J: 169.81310934563538 R: 336.8929703779007 V: 167.50192 H: 3.5964081287384033
04/08/2024 21:40:48 [INFO] Epoch 150 | J: 175.50173286434503 R: 352.7362566560806 V: 169.24577 H: 3.594144821166992
04/08/2024 21:41:10 [INFO] Epoch 151 | J: 177.4622418772642 R: 359.7267779193295 V: 171.31143 H: 3.589470386505127
04/08/2024 21:41:31 [INFO] Epoch 152 | J: 170.4165799990896 R: 337.09963081427657 V: 172.82199 H: 3.6074864864349365
04/08/2024 21:41:52 [INFO] Epoch 153 | J: 174.91629628193178 R: 350.53285842030596 V: 173.35611 H: 3.594299793243408
04/08/2024 21:42:14 [INFO] Epoch 154 | J: 179.49024366414818 R: 365.23024396118484 V: 173.73294 H: 3.595886707305908
04/08/2024 21:42:35 [INFO] Epoch 155 | J: 177.946692641068 R: 359.72394108079504 V: 174.11082 H: 3.6010918617248535
04/08/2024 21:42:56 [INFO] Epoch 156 | J: 178.56420849155705 R: 361.8537046534208 V: 174.78442 H: 3.6134471893310547
04/08/2024 21:43:17 [INFO] Epoch 157 | J: 180.21872350816767 R: 367.9609988018007 V: 174.90808 H: 3.601658344268799
04/08/2024 21:43:39 [INFO] Epoch 158 | J: 180.35899187465125 R: 367.62565188070056 V: 174.70387 H: 3.606785297393799
04/08/2024 21:44:00 [INFO] Epoch 159 | J: 179.4584130883706 R: 370.6933982963483 V: 175.2592 H: 3.5868587493896484
04/08/2024 21:44:22 [INFO] Epoch 160 | J: 179.54008508730823 R: 366.10555299441114 V: 175.78247 H: 3.557034730911255
04/08/2024 21:44:43 [INFO] Epoch 161 | J: 180.25898876249957 R: 371.99085701080514 V: 175.447 H: 3.5503363609313965
04/08/2024 21:45:04 [INFO] Epoch 162 | J: 178.51077861338075 R: 363.9270305032519 V: 175.69339 H: 3.55824613571167
04/08/2024 21:45:25 [INFO] Epoch 163 | J: 180.1081714288971 R: 368.4300974062096 V: 175.94955 H: 3.5523104667663574
04/08/2024 21:45:47 [INFO] Epoch 164 | J: 179.8112375386413 R: 369.35058704170945 V: 176.19711 H: 3.557723045349121
04/08/2024 21:46:08 [INFO] Epoch 165 | J: 180.7120125245966 R: 368.6634345830199 V: 175.53506 H: 3.5515267848968506
04/08/2024 21:46:29 [INFO] Epoch 166 | J: 179.7202336483376 R: 369.44909440657796 V: 176.1218 H: 3.5469865798950195
04/08/2024 21:46:51 [INFO] Epoch 167 | J: 180.62955417577217 R: 372.8031545922095 V: 176.34116 H: 3.516904354095459
04/08/2024 21:47:12 [INFO] Epoch 168 | J: 178.87668899369493 R: 366.88386314995137 V: 176.46133 H: 3.507636547088623
04/08/2024 21:47:33 [INFO] Epoch 169 | J: 178.96569960108675 R: 366.8345802329726 V: 176.42638 H: 3.4975571632385254
04/08/2024 21:47:55 [INFO] Epoch 170 | J: 179.56879219266267 R: 366.6211881427513 V: 175.79843 H: 3.511850357055664
04/08/2024 21:48:16 [INFO] Epoch 171 | J: 178.64428154958915 R: 365.20103603207303 V: 175.2598 H: 3.506549835205078
04/08/2024 21:48:37 [INFO] Epoch 172 | J: 178.62854454547633 R: 363.688234048873 V: 174.298 H: 3.484412908554077
04/08/2024 21:48:59 [INFO] Epoch 173 | J: 178.09069022952255 R: 361.1463495988771 V: 174.05989 H: 3.465069532394409
04/08/2024 21:49:20 [INFO] Epoch 174 | J: 178.86547236221017 R: 364.7353374071638 V: 174.24216 H: 3.4543042182922363
04/08/2024 21:49:41 [INFO] Epoch 175 | J: 179.94183459895766 R: 368.01169246842494 V: 175.39767 H: 3.487964630126953
04/08/2024 21:50:03 [INFO] Epoch 176 | J: 178.3142672104169 R: 360.83961951213826 V: 175.58005 H: 3.484849214553833
04/08/2024 21:50:24 [INFO] Epoch 177 | J: 179.8534255500469 R: 365.03422855372776 V: 175.05588 H: 3.483936071395874
04/08/2024 21:50:45 [INFO] Epoch 178 | J: 179.50133462522635 R: 364.9287425077161 V: 175.07777 H: 3.493980884552002
04/08/2024 21:51:06 [INFO] Epoch 179 | J: 180.17726432366663 R: 369.30090747283555 V: 175.64706 H: 3.4806907176971436
04/08/2024 21:51:28 [INFO] Epoch 180 | J: 179.9272238494304 R: 367.9710467300623 V: 175.83691 H: 3.446012258529663
04/08/2024 21:51:49 [INFO] Epoch 181 | J: 179.01343846916774 R: 363.7093440512254 V: 175.26407 H: 3.435371160507202
04/08/2024 21:52:10 [INFO] Epoch 182 | J: 177.83326611761797 R: 361.74366650124813 V: 174.78427 H: 3.4440133571624756
04/08/2024 21:52:31 [INFO] Epoch 183 | J: 178.50313506538754 R: 362.1631796258099 V: 174.95312 H: 3.4753055572509766
04/08/2024 21:52:53 [INFO] Epoch 184 | J: 180.3142996780992 R: 370.0227080800793 V: 176.00748 H: 3.4801783561706543
04/08/2024 21:53:14 [INFO] Epoch 185 | J: 179.76760028884502 R: 367.70907721621927 V: 176.80336 H: 3.473698377609253
04/08/2024 21:53:35 [INFO] Epoch 186 | J: 178.84948103527094 R: 365.8858481103928 V: 177.49326 H: 3.4609909057617188
04/08/2024 21:53:56 [INFO] Epoch 187 | J: 179.07473047895093 R: 367.26439452446186 V: 177.76291 H: 3.468506336212158
04/08/2024 21:54:18 [INFO] Epoch 188 | J: 179.02594863532605 R: 366.0000167833192 V: 177.33418 H: 3.4689431190490723
04/08/2024 21:54:39 [INFO] Epoch 189 | J: 179.56590379562834 R: 366.55750455338574 V: 177.21916 H: 3.4950270652770996
04/08/2024 21:55:00 [INFO] Epoch 190 | J: 179.5003554042318 R: 366.34239776934027 V: 176.53647 H: 3.484923839569092
04/08/2024 21:55:21 [INFO] Epoch 191 | J: 179.25564481691882 R: 366.9778775859518 V: 176.36838 H: 3.4902634620666504
04/08/2024 21:55:42 [INFO] Epoch 192 | J: 179.81367768595328 R: 368.2851215776733 V: 176.51675 H: 3.481457471847534
04/08/2024 21:56:04 [INFO] Epoch 193 | J: 180.1847939346833 R: 368.4412995747201 V: 176.81168 H: 3.4829320907592773
04/08/2024 21:56:25 [INFO] Epoch 194 | J: 180.04107446120594 R: 366.6498787775937 V: 176.89265 H: 3.477766990661621
04/08/2024 21:56:46 [INFO] Epoch 195 | J: 179.86559557824847 R: 367.89622314795406 V: 177.02574 H: 3.4498696327209473
04/08/2024 21:57:07 [INFO] Epoch 196 | J: 179.89005622837558 R: 369.4587435420839 V: 177.40704 H: 3.429039478302002
04/08/2024 21:57:28 [INFO] Epoch 197 | J: 179.58206837816556 R: 366.5356853581475 V: 177.54942 H: 3.4620180130004883
04/08/2024 21:57:50 [INFO] Epoch 198 | J: 176.1652572920641 R: 368.0660557197845 V: 178.16519 H: 3.502716064453125
04/08/2024 21:58:11 [INFO] Epoch 199 | J: 178.29638949883923 R: 375.5736688252431 V: 178.61061 H: 3.489551067352295
04/08/2024 21:58:32 [INFO] Epoch 200 | J: 180.06863803074052 R: 376.8189826548471 V: 177.87802 H: 3.4715325832366943
04/08/2024 21:58:54 [INFO] Epoch 201 | J: 179.31509617699584 R: 374.7291454504717 V: 177.17302 H: 3.4597792625427246
04/08/2024 21:59:15 [INFO] Epoch 202 | J: 180.63659382888198 R: 375.5793607442107 V: 176.96448 H: 3.4493584632873535
04/08/2024 21:59:36 [INFO] Epoch 203 | J: 179.45559606283035 R: 373.344502434014 V: 176.84528 H: 3.463374137878418
04/08/2024 21:59:58 [INFO] Epoch 204 | J: 180.9085566665011 R: 378.1014272703781 V: 176.96353 H: 3.466259479522705
04/08/2024 22:00:19 [INFO] Epoch 205 | J: 180.57340824147263 R: 374.4995291209536 V: 176.9361 H: 3.477033853530884
04/08/2024 22:00:40 [INFO] Epoch 206 | J: 181.22928968811925 R: 376.804216202126 V: 176.98021 H: 3.4969334602355957
04/08/2024 22:01:02 [INFO] Epoch 207 | J: 181.58844269474818 R: 377.012911758434 V: 176.75638 H: 3.5326623916625977
04/08/2024 22:01:23 [INFO] Epoch 208 | J: 181.02150072880823 R: 371.44590998835446 V: 176.7313 H: 3.5151212215423584
04/08/2024 22:01:44 [INFO] Epoch 209 | J: 180.74474031150137 R: 371.5255851691637 V: 176.45604 H: 3.5488510131835938
04/08/2024 22:02:06 [INFO] Epoch 210 | J: 181.0683732042926 R: 373.9180586574883 V: 176.69327 H: 3.5191056728363037
04/08/2024 22:02:27 [INFO] Epoch 211 | J: 180.56295410201332 R: 370.3514561724418 V: 177.48709 H: 3.5404539108276367
04/08/2024 22:02:48 [INFO] Epoch 212 | J: 181.15913126034633 R: 374.8751687923663 V: 177.93877 H: 3.5221545696258545
04/08/2024 22:03:11 [INFO] Epoch 213 | J: 179.64410570374702 R: 367.8140457072482 V: 177.76161 H: 3.5178699493408203
04/08/2024 22:03:32 [INFO] Epoch 214 | J: 181.29952331624557 R: 376.9318415543219 V: 177.46437 H: 3.516723394393921
04/08/2024 22:03:53 [INFO] Epoch 215 | J: 181.09230664421463 R: 373.97838317256554 V: 177.81856 H: 3.5132296085357666
04/08/2024 22:04:14 [INFO] Epoch 216 | J: 180.79270230424524 R: 370.476743189084 V: 177.56825 H: 3.489654302597046
04/08/2024 22:04:35 [INFO] Epoch 217 | J: 179.66017080863554 R: 366.7625071835225 V: 176.30377 H: 3.4568116664886475
04/08/2024 22:04:56 [INFO] Epoch 218 | J: 180.16152770623816 R: 368.036372606649 V: 175.98465 H: 3.436434030532837
04/08/2024 22:05:17 [INFO] Epoch 219 | J: 161.25937552047301 R: 317.6191999147601 V: 175.97568 H: 3.4294590950012207
04/08/2024 22:05:37 [INFO] Epoch 220 | J: 161.40334284059304 R: 316.78406338518863 V: 173.13057 H: 3.4241275787353516
04/08/2024 22:05:58 [INFO] Epoch 221 | J: 162.3198774365931 R: 318.99091590465775 V: 171.66219 H: 3.440463066101074
04/08/2024 22:06:19 [INFO] Epoch 222 | J: 177.15150020321607 R: 360.22166110635396 V: 170.49744 H: 3.4625496864318848
04/08/2024 22:06:40 [INFO] Epoch 223 | J: 177.57713641559508 R: 360.83906677341315 V: 170.13148 H: 3.4968533515930176
04/08/2024 22:07:01 [INFO] Epoch 224 | J: 177.68545890205763 R: 362.7072203328947 V: 171.11992 H: 3.5164287090301514
04/08/2024 22:07:21 [INFO] Epoch 225 | J: 176.79445257247136 R: 359.7098564961815 V: 172.28557 H: 3.5179452896118164
04/08/2024 22:07:42 [INFO] Epoch 226 | J: 177.67496078470242 R: 361.1531277427099 V: 173.22823 H: 3.5095772743225098
04/08/2024 22:08:03 [INFO] Epoch 227 | J: 178.06375207692176 R: 362.5759636267403 V: 174.03311 H: 3.5166077613830566
04/08/2024 22:08:24 [INFO] Epoch 228 | J: 178.09513280560924 R: 361.919672769072 V: 174.53983 H: 3.497394561767578
04/08/2024 22:08:45 [INFO] Epoch 229 | J: 177.15806023530357 R: 360.2234024603719 V: 174.3919 H: 3.510690450668335
04/08/2024 22:09:06 [INFO] Epoch 230 | J: 177.3813455719567 R: 361.2081926050161 V: 174.45486 H: 3.482614755630493
04/08/2024 22:09:26 [INFO] Epoch 231 | J: 176.70770442625616 R: 359.864853493853 V: 174.68744 H: 3.4649477005004883
04/08/2024 22:09:47 [INFO] Epoch 232 | J: 177.44659453032972 R: 360.8722318152986 V: 175.22485 H: 3.477924346923828
04/08/2024 22:10:08 [INFO] Epoch 233 | J: 177.32248705747077 R: 360.72199032785187 V: 175.27623 H: 3.4774043560028076
04/08/2024 22:10:29 [INFO] Epoch 234 | J: 177.86055767574013 R: 361.6045677375213 V: 174.91743 H: 3.48936128616333
04/08/2024 22:10:50 [INFO] Epoch 235 | J: 175.56001033244047 R: 355.489780039146 V: 175.08313 H: 3.4945197105407715
04/08/2024 22:11:10 [INFO] Epoch 236 | J: 176.36908372919683 R: 360.4828237946159 V: 174.77135 H: 3.494863986968994
04/08/2024 22:11:31 [INFO] Epoch 237 | J: 177.59310163902938 R: 362.3896237864073 V: 175.0809 H: 3.5061936378479004
04/08/2024 22:11:52 [INFO] Epoch 238 | J: 177.05891869298486 R: 359.9246307859188 V: 175.09787 H: 3.4860055446624756
04/08/2024 22:12:13 [INFO] Epoch 239 | J: 177.34228204690152 R: 360.947073142759 V: 175.3307 H: 3.4725193977355957
04/08/2024 22:12:34 [INFO] Epoch 240 | J: 177.31477532998392 R: 360.9162881494996 V: 175.56432 H: 3.4766101837158203
04/08/2024 22:12:55 [INFO] Epoch 241 | J: 178.9733758457797 R: 364.42584094235036 V: 176.30562 H: 3.505802631378174
04/08/2024 22:13:16 [INFO] Epoch 242 | J: 176.6328983664428 R: 359.27870813713787 V: 175.88712 H: 3.5140981674194336
04/08/2024 22:13:36 [INFO] Epoch 243 | J: 177.2997652253294 R: 362.0163394521801 V: 175.75557 H: 3.5079126358032227
04/08/2024 22:13:57 [INFO] Epoch 244 | J: 176.68927366875246 R: 358.180423712315 V: 176.06183 H: 3.5126142501831055
04/08/2024 22:14:18 [INFO] Epoch 245 | J: 176.9157261135163 R: 360.63987043227314 V: 176.23605 H: 3.529609441757202
04/08/2024 22:14:39 [INFO] Epoch 246 | J: 177.3883958194759 R: 361.27258351285604 V: 175.5185 H: 3.5117063522338867
04/08/2024 22:15:00 [INFO] Epoch 247 | J: 178.34473427758678 R: 361.4172029608675 V: 175.52798 H: 3.5157172679901123
04/08/2024 22:15:21 [INFO] Epoch 248 | J: 177.82154482434868 R: 360.86524595973634 V: 175.7607 H: 3.5104055404663086
04/08/2024 22:15:42 [INFO] Epoch 249 | J: 177.98939940570352 R: 363.11053798520936 V: 175.95512 H: 3.497915506362915
04/08/2024 22:16:02 [INFO] Epoch 250 | J: 177.6719536979052 R: 362.9132184316794 V: 175.87677 H: 3.466869354248047
04/08/2024 22:16:23 [INFO] Epoch 251 | J: 176.3621123524824 R: 359.41999405890755 V: 176.03993 H: 3.4647111892700195
04/08/2024 22:16:44 [INFO] Epoch 252 | J: 177.8841953014441 R: 361.5756920362962 V: 176.34013 H: 3.4330997467041016
04/08/2024 22:17:05 [INFO] Epoch 253 | J: 177.9987163167841 R: 361.8068449435226 V: 176.29446 H: 3.4184556007385254
04/08/2024 22:17:26 [INFO] Epoch 254 | J: 177.33173113635831 R: 362.0388482898964 V: 176.18274 H: 3.418943166732788
04/08/2024 22:17:47 [INFO] Epoch 255 | J: 177.73382862370102 R: 361.13155686244977 V: 176.51343 H: 3.420996904373169
04/08/2024 22:18:07 [INFO] Epoch 256 | J: 178.71164347947243 R: 364.01672464710543 V: 176.50136 H: 3.4087905883789062
04/08/2024 22:18:28 [INFO] Epoch 257 | J: 178.0239404384102 R: 363.25086113456473 V: 176.83017 H: 3.3826701641082764
04/08/2024 22:18:49 [INFO] Epoch 258 | J: 177.41255966189078 R: 361.0272980778118 V: 176.59802 H: 3.3575985431671143
04/08/2024 22:19:10 [INFO] Epoch 259 | J: 176.1967747607452 R: 356.823924491962 V: 176.23166 H: 3.3351082801818848
04/08/2024 22:19:31 [INFO] Epoch 260 | J: 177.87442630372155 R: 362.78832710042985 V: 176.47336 H: 3.3264520168304443
04/08/2024 22:19:52 [INFO] Epoch 261 | J: 177.060025903204 R: 362.97359244613455 V: 176.30011 H: 3.3342080116271973
04/08/2024 22:20:12 [INFO] Epoch 262 | J: 151.93220551342463 R: 307.95835696182235 V: 176.14279 H: 3.32991886138916
04/08/2024 22:20:33 [INFO] Epoch 263 | J: 177.95332624543505 R: 371.7912806141506 V: 170.05048 H: 3.3559820652008057
04/08/2024 22:20:54 [INFO] Epoch 264 | J: 177.485774091706 R: 368.45410922152894 V: 172.80417 H: 3.3718037605285645
04/08/2024 22:21:15 [INFO] Epoch 265 | J: 178.66003694917555 R: 362.80786658519486 V: 173.85432 H: 3.361419439315796
04/08/2024 22:21:36 [INFO] Epoch 266 | J: 168.46317010904195 R: 331.32313005232635 V: 175.06061 H: 3.357607364654541
04/08/2024 22:21:57 [INFO] Epoch 267 | J: 180.28569149205018 R: 365.35135027340704 V: 175.90848 H: 3.3629150390625
04/08/2024 22:22:18 [INFO] Epoch 268 | J: 179.53021785545764 R: 365.52064470914485 V: 176.74446 H: 3.343932628631592
04/08/2024 22:22:38 [INFO] Epoch 269 | J: 179.87527359677927 R: 363.33408015382156 V: 176.96484 H: 3.340663194656372
04/08/2024 22:22:59 [INFO] Epoch 270 | J: 178.15177132575744 R: 361.6064097692961 V: 176.53416 H: 3.3159561157226562
04/08/2024 22:23:20 [INFO] Epoch 271 | J: 178.92854079646816 R: 362.9206867389483 V: 176.00359 H: 3.314662456512451
04/08/2024 22:23:41 [INFO] Epoch 272 | J: 177.99257724650474 R: 360.2787444643022 V: 175.91362 H: 3.3227267265319824
04/08/2024 22:24:02 [INFO] Epoch 273 | J: 177.66849575005213 R: 362.44288693636963 V: 175.79233 H: 3.3399291038513184
04/08/2024 22:24:23 [INFO] Epoch 274 | J: 178.321421870997 R: 361.3639927421077 V: 175.9606 H: 3.3423290252685547
04/08/2024 22:24:43 [INFO] Epoch 275 | J: 177.65122615474962 R: 361.1552618716442 V: 176.25923 H: 3.325644016265869
04/08/2024 22:25:04 [INFO] Epoch 276 | J: 179.04575117604367 R: 362.50738695543475 V: 176.56407 H: 3.3374383449554443
04/08/2024 22:25:25 [INFO] Epoch 277 | J: 177.3831540294081 R: 359.70956603419074 V: 176.96198 H: 3.3607921600341797
04/08/2024 22:25:46 [INFO] Epoch 278 | J: 178.52373210638535 R: 362.2625121033505 V: 177.43274 H: 3.3735411167144775
04/08/2024 22:26:07 [INFO] Epoch 279 | J: 176.58538905892138 R: 356.9528409414266 V: 177.15439 H: 3.369019031524658
04/08/2024 22:26:28 [INFO] Epoch 280 | J: 178.07336876532926 R: 362.4198027636599 V: 177.18518 H: 3.3556907176971436
04/08/2024 22:26:48 [INFO] Epoch 281 | J: 177.87783385709034 R: 361.7247661681771 V: 177.48013 H: 3.353870153427124
04/08/2024 22:27:09 [INFO] Epoch 282 | J: 177.41518378980857 R: 360.5900171932857 V: 177.13136 H: 3.3399240970611572
04/08/2024 22:27:30 [INFO] Epoch 283 | J: 178.72982633026362 R: 361.59425160488416 V: 176.91426 H: 3.318110466003418
04/08/2024 22:27:51 [INFO] Epoch 284 | J: 178.47615002231933 R: 362.82987854710103 V: 177.19336 H: 3.3156189918518066
04/08/2024 22:28:12 [INFO] Epoch 285 | J: 178.19549495112966 R: 362.7534036006934 V: 177.19974 H: 3.3119921684265137
04/08/2024 22:28:33 [INFO] Epoch 286 | J: 177.80031952688267 R: 362.207752763727 V: 177.26309 H: 3.2999420166015625
04/08/2024 22:28:54 [INFO] Epoch 287 | J: 178.61040196125595 R: 361.8127647033027 V: 176.83304 H: 3.291642665863037
04/08/2024 22:29:14 [INFO] Epoch 288 | J: 178.54021598017874 R: 361.3745141616154 V: 176.61067 H: 3.2911365032196045
04/08/2024 22:29:35 [INFO] Epoch 289 | J: 177.66346251373125 R: 360.5705863296542 V: 177.00186 H: 3.2716598510742188
04/08/2024 22:29:56 [INFO] Epoch 290 | J: 178.78454836151133 R: 363.00116666918166 V: 177.36642 H: 3.249875545501709
04/08/2024 22:30:17 [INFO] Epoch 291 | J: 179.31920122843928 R: 364.76213806260273 V: 177.49063 H: 3.2632341384887695
04/08/2024 22:30:38 [INFO] Epoch 292 | J: 177.69429743056293 R: 361.7916802593314 V: 177.61337 H: 3.26354718208313
04/08/2024 22:30:59 [INFO] Epoch 293 | J: 173.4400779286795 R: 344.4767076602433 V: 177.69077 H: 3.249227523803711
04/08/2024 22:31:19 [INFO] Epoch 294 | J: 179.56065359073926 R: 364.07288103433154 V: 177.5347 H: 3.241464138031006
04/08/2024 22:31:40 [INFO] Epoch 295 | J: 178.62811516351522 R: 361.9996519377077 V: 177.77708 H: 3.233405113220215
04/08/2024 22:32:01 [INFO] Epoch 296 | J: 179.7573163846922 R: 364.9039521685712 V: 178.7025 H: 3.2401418685913086
04/08/2024 22:32:22 [INFO] Epoch 297 | J: 179.40616965901586 R: 364.29103802047007 V: 178.17383 H: 3.2304415702819824
04/08/2024 22:32:43 [INFO] Epoch 298 | J: 178.83914451151492 R: 364.04396506001865 V: 178.31686 H: 3.239107608795166
04/08/2024 22:33:04 [INFO] Epoch 299 | J: 178.76035535819662 R: 362.5339289685901 V: 178.36676 H: 3.228787422180176
04/08/2024 22:33:24 [INFO] Epoch 300 | J: 180.00117593363697 R: 365.4911988454143 V: 178.60379 H: 3.225740909576416
04/08/2024 22:33:45 [INFO] Epoch 301 | J: 179.9761456222987 R: 366.8640221811803 V: 179.07657 H: 3.216853618621826
04/08/2024 22:34:06 [INFO] Epoch 302 | J: 179.52784555259672 R: 364.9839073327081 V: 178.86255 H: 3.21461820602417
04/08/2024 22:34:27 [INFO] Epoch 303 | J: 179.63807073693988 R: 363.59843541537185 V: 178.8025 H: 3.2242090702056885
04/08/2024 22:34:48 [INFO] Epoch 304 | J: 179.10201175123916 R: 364.44250787260796 V: 178.75754 H: 3.2162880897521973
04/08/2024 22:35:08 [INFO] Epoch 305 | J: 180.4174830204993 R: 366.1969259075453 V: 179.18764 H: 3.206408977508545
04/08/2024 22:35:29 [INFO] Epoch 306 | J: 179.2898763651986 R: 364.34336847941404 V: 179.06107 H: 3.2065134048461914
04/08/2024 22:35:50 [INFO] Epoch 307 | J: 179.31277965712277 R: 363.749377287905 V: 179.17772 H: 3.2046709060668945
04/08/2024 22:36:11 [INFO] Epoch 308 | J: 180.08988279789577 R: 365.19430117707276 V: 179.32555 H: 3.1881117820739746
04/08/2024 22:36:32 [INFO] Epoch 309 | J: 179.96783562394762 R: 365.76056575917846 V: 179.85277 H: 3.1779117584228516
04/08/2024 22:36:53 [INFO] Epoch 310 | J: 179.80980954789442 R: 366.4464595591464 V: 179.23454 H: 3.1535096168518066
04/08/2024 22:37:13 [INFO] Epoch 311 | J: 179.8666251949724 R: 365.46048634040574 V: 179.35286 H: 3.156987428665161
04/08/2024 22:37:34 [INFO] Epoch 312 | J: 180.01159539653275 R: 367.4985350917458 V: 179.69748 H: 3.1466445922851562
04/08/2024 22:37:55 [INFO] Epoch 313 | J: 180.50365873310142 R: 368.68010630716236 V: 179.52695 H: 3.120695114135742
04/08/2024 22:38:16 [INFO] Epoch 314 | J: 180.13110298668957 R: 365.2315651163759 V: 179.5631 H: 3.1263537406921387
04/08/2024 22:38:37 [INFO] Epoch 315 | J: 179.73079546465746 R: 366.09855561449217 V: 179.7902 H: 3.1344008445739746
04/08/2024 22:38:57 [INFO] Epoch 316 | J: 179.33371074242407 R: 364.0940174428812 V: 179.45879 H: 3.1390762329101562
04/08/2024 22:39:18 [INFO] Epoch 317 | J: 179.63087511841306 R: 367.17970367763047 V: 179.70126 H: 3.154890537261963
04/08/2024 22:39:39 [INFO] Epoch 318 | J: 179.96165520603694 R: 366.2651737174866 V: 179.37924 H: 3.159820556640625
04/08/2024 22:40:00 [INFO] Epoch 319 | J: 179.77057587605586 R: 366.9890214231478 V: 179.24533 H: 3.1326417922973633
04/08/2024 22:40:21 [INFO] Epoch 320 | J: 179.52649545018298 R: 365.87441435950075 V: 179.89713 H: 3.12681245803833
04/08/2024 22:40:41 [INFO] Epoch 321 | J: 180.07983023545032 R: 368.13987146403497 V: 179.78166 H: 3.1420722007751465
04/08/2024 22:41:02 [INFO] Epoch 322 | J: 179.11645813156073 R: 364.562143951316 V: 179.76694 H: 3.157473564147949
04/08/2024 22:41:23 [INFO] Epoch 323 | J: 180.1908581677079 R: 365.9784111364285 V: 179.56284 H: 3.145596504211426
04/08/2024 22:41:44 [INFO] Epoch 324 | J: 178.75800506232594 R: 362.94261330266113 V: 179.81946 H: 3.137624979019165
04/08/2024 22:42:05 [INFO] Epoch 325 | J: 179.16310590973052 R: 365.5407950908907 V: 179.86554 H: 3.160778760910034
04/08/2024 22:42:25 [INFO] Epoch 326 | J: 179.81234344945025 R: 366.4191260654137 V: 179.6658 H: 3.152273654937744
04/08/2024 22:42:46 [INFO] Epoch 327 | J: 177.55199109817363 R: 359.89354522387123 V: 179.43144 H: 3.1383795738220215
04/08/2024 22:43:07 [INFO] Epoch 328 | J: 179.12563281972106 R: 365.6653670718373 V: 179.50584 H: 3.120169162750244
04/08/2024 22:43:28 [INFO] Epoch 329 | J: 179.972436184986 R: 366.1464665409659 V: 179.22937 H: 3.1214439868927
04/08/2024 22:43:49 [INFO] Epoch 330 | J: 179.88925479678016 R: 366.5565159269977 V: 179.47191 H: 3.1040663719177246
04/08/2024 22:44:10 [INFO] Epoch 331 | J: 180.42986017155005 R: 370.6412832050089 V: 179.54416 H: 3.110077142715454
04/08/2024 22:44:30 [INFO] Epoch 332 | J: 179.3956186501291 R: 364.3990626847486 V: 179.65036 H: 3.098466396331787
04/08/2024 22:44:51 [INFO] Epoch 333 | J: 180.26601881524633 R: 367.181986527714 V: 179.94775 H: 3.089003324508667
04/08/2024 22:45:12 [INFO] Epoch 334 | J: 179.64322905619468 R: 365.95943025399254 V: 179.68477 H: 3.0816080570220947
04/08/2024 22:45:33 [INFO] Epoch 335 | J: 179.75444800369127 R: 366.00772749440665 V: 179.63052 H: 3.0979413986206055
04/08/2024 22:45:53 [INFO] Epoch 336 | J: 180.57810711888368 R: 368.37125726114465 V: 179.71976 H: 3.0990583896636963
04/08/2024 22:46:14 [INFO] Epoch 337 | J: 179.05244758563242 R: 364.21520793438935 V: 179.85971 H: 3.095984697341919
04/08/2024 22:46:35 [INFO] Epoch 338 | J: 180.38195351716223 R: 367.46612039019726 V: 179.82297 H: 3.0880277156829834
04/08/2024 22:46:56 [INFO] Epoch 339 | J: 179.71222376583023 R: 366.19382204237746 V: 179.838 H: 3.095496892929077
04/08/2024 22:47:16 [INFO] Epoch 340 | J: 180.53909464452033 R: 368.3056746063305 V: 179.92337 H: 3.106203079223633
04/08/2024 22:47:37 [INFO] Epoch 341 | J: 180.73029017362595 R: 370.9736621807407 V: 179.74179 H: 3.108560085296631
04/08/2024 22:47:58 [INFO] Epoch 342 | J: 179.53132851448572 R: 366.81671616025847 V: 179.4531 H: 3.1144092082977295
04/08/2024 22:48:19 [INFO] Epoch 343 | J: 179.13075474983106 R: 364.80171548108336 V: 179.14212 H: 3.1327431201934814
04/08/2024 22:48:40 [INFO] Epoch 344 | J: 178.8711214180685 R: 364.4704121858766 V: 179.10435 H: 3.1368675231933594
04/08/2024 22:49:00 [INFO] Epoch 345 | J: 180.4664644174374 R: 368.62197361210474 V: 179.57137 H: 3.1314237117767334
04/08/2024 22:49:21 [INFO] Epoch 346 | J: 180.36223907143292 R: 369.9569466740246 V: 179.52988 H: 3.1305665969848633
04/08/2024 22:49:42 [INFO] Epoch 347 | J: 179.55119803100965 R: 365.9153442665962 V: 179.35263 H: 3.1418919563293457
04/08/2024 22:50:03 [INFO] Epoch 348 | J: 180.08613430619206 R: 366.2448189835087 V: 179.69272 H: 3.1175601482391357
04/08/2024 22:50:23 [INFO] Epoch 349 | J: 180.4727484493867 R: 368.7393186125967 V: 179.87048 H: 3.11340594291687
04/08/2024 22:50:44 [INFO] Epoch 350 | J: 179.77013758409137 R: 367.96117349858145 V: 180.11526 H: 3.117147445678711
04/08/2024 22:51:05 [INFO] Epoch 351 | J: 180.05599758445027 R: 366.3393043566117 V: 179.73206 H: 3.1351637840270996
04/08/2024 22:51:26 [INFO] Epoch 352 | J: 167.72480778916017 R: 330.8323663034569 V: 180.05476 H: 3.1506869792938232
04/08/2024 22:51:47 [INFO] Epoch 353 | J: 167.94711287650526 R: 333.37045276407474 V: 180.27542 H: 3.1536104679107666
04/08/2024 22:52:07 [INFO] Epoch 354 | J: 180.60348615888844 R: 369.5626318008737 V: 180.7576 H: 3.1667473316192627
04/08/2024 22:52:28 [INFO] Epoch 355 | J: 180.19781950273267 R: 369.6373399117865 V: 180.45967 H: 3.173290252685547
04/08/2024 22:52:49 [INFO] Epoch 356 | J: 180.560413215358 R: 368.98094836878323 V: 180.28029 H: 3.182081937789917
04/08/2024 22:53:10 [INFO] Epoch 357 | J: 180.44057388750198 R: 367.31716183303087 V: 180.35913 H: 3.165228843688965
04/08/2024 22:53:30 [INFO] Epoch 358 | J: 181.30306069829166 R: 369.55822808672997 V: 180.30623 H: 3.18229603767395
04/08/2024 22:53:51 [INFO] Epoch 359 | J: 180.1746075079806 R: 368.5434346739863 V: 180.25337 H: 3.1679229736328125
04/08/2024 22:54:12 [INFO] Epoch 360 | J: 179.9539805279985 R: 367.88144131498484 V: 180.1951 H: 3.1386349201202393
04/08/2024 22:54:33 [INFO] Epoch 361 | J: 181.35984275972214 R: 371.33318286369166 V: 180.45578 H: 3.139206886291504
04/08/2024 22:54:53 [INFO] Epoch 362 | J: 181.524540892552 R: 372.58915680126637 V: 180.76567 H: 3.1603736877441406
04/08/2024 22:55:14 [INFO] Epoch 363 | J: 181.59746604076972 R: 370.38690852055413 V: 180.84526 H: 3.1579084396362305
04/08/2024 22:55:35 [INFO] Epoch 364 | J: 180.47166223318388 R: 369.39815283484324 V: 180.98398 H: 3.14827036857605
04/08/2024 22:55:56 [INFO] Epoch 365 | J: 181.12122130238714 R: 370.8893620264833 V: 181.2833 H: 3.1557013988494873
04/08/2024 22:56:16 [INFO] Epoch 366 | J: 182.27608809818906 R: 372.61138006556104 V: 181.22525 H: 3.1513102054595947
04/08/2024 22:56:37 [INFO] Epoch 367 | J: 180.71614684560504 R: 369.94893361209813 V: 182.11792 H: 3.165152072906494
04/08/2024 22:56:58 [INFO] Epoch 368 | J: 181.479525727048 R: 371.6582299127111 V: 181.9979 H: 3.1769704818725586
04/08/2024 22:57:19 [INFO] Epoch 369 | J: 182.13192366038976 R: 372.9031929429552 V: 181.50793 H: 3.1880922317504883
04/08/2024 22:57:40 [INFO] Epoch 370 | J: 182.4339915899951 R: 374.9459093584627 V: 181.83139 H: 3.1833081245422363
04/08/2024 22:58:01 [INFO] Epoch 371 | J: 182.64763799703465 R: 375.99755801035536 V: 181.96764 H: 3.171635866165161
04/08/2024 22:58:21 [INFO] Epoch 372 | J: 182.76255763490744 R: 376.4124153700242 V: 181.59235 H: 3.2000889778137207
04/08/2024 22:58:42 [INFO] Epoch 373 | J: 182.22752607435856 R: 374.3314305792872 V: 182.06888 H: 3.1962623596191406
04/08/2024 22:59:03 [INFO] Epoch 374 | J: 182.69902326800863 R: 378.44502946111743 V: 182.06499 H: 3.193737268447876
04/08/2024 22:59:24 [INFO] Epoch 375 | J: 182.24058233889573 R: 374.23664732594443 V: 182.56458 H: 3.192826747894287
04/08/2024 22:59:45 [INFO] Epoch 376 | J: 170.5076887365412 R: 340.8209799863101 V: 182.53506 H: 3.1889829635620117
04/08/2024 23:00:05 [INFO] Epoch 377 | J: 182.37090246230295 R: 375.77814746655156 V: 182.36171 H: 3.16811203956604
04/08/2024 23:00:26 [INFO] Epoch 378 | J: 182.0774021367693 R: 373.8881738365623 V: 182.57327 H: 3.1730120182037354
04/08/2024 23:00:47 [INFO] Epoch 379 | J: 183.71404619987035 R: 379.06266618136624 V: 182.53864 H: 3.1588921546936035
04/08/2024 23:01:08 [INFO] Epoch 380 | J: 182.13066090249703 R: 374.45725880497 V: 183.12688 H: 3.1563475131988525
04/08/2024 23:01:29 [INFO] Epoch 381 | J: 182.7436583471378 R: 375.31040660444444 V: 182.57166 H: 3.142003297805786
04/08/2024 23:01:50 [INFO] Epoch 382 | J: 183.2830928971329 R: 377.6867093941979 V: 182.7458 H: 3.144914150238037
04/08/2024 23:02:10 [INFO] Epoch 383 | J: 185.10084182049204 R: 384.0118579811812 V: 183.1197 H: 3.1506428718566895
04/08/2024 23:02:31 [INFO] Epoch 384 | J: 184.24536467771887 R: 381.25800186647143 V: 183.04668 H: 3.17560076713562
04/08/2024 23:02:52 [INFO] Epoch 385 | J: 182.91788314979675 R: 378.9378664126567 V: 182.77429 H: 3.2153244018554688
04/08/2024 23:03:14 [INFO] Epoch 386 | J: 181.93389694516185 R: 372.0206218381466 V: 181.9879 H: 3.259129285812378
04/08/2024 23:03:35 [INFO] Epoch 387 | J: 180.91852658126365 R: 370.0079028860447 V: 181.048 H: 3.2518551349639893
04/08/2024 23:03:56 [INFO] Epoch 388 | J: 181.6348527610054 R: 371.0620972795874 V: 180.9597 H: 3.235184669494629
04/08/2024 23:04:16 [INFO] Epoch 389 | J: 181.4964124156903 R: 370.55280888545633 V: 181.2316 H: 3.249598503112793
04/08/2024 23:04:37 [INFO] Epoch 390 | J: 181.85194745267705 R: 373.8671404749922 V: 181.59576 H: 3.2278780937194824
04/08/2024 23:04:58 [INFO] Epoch 391 | J: 181.63018908866852 R: 371.99672784984057 V: 182.26205 H: 3.2238941192626953
04/08/2024 23:05:19 [INFO] Epoch 392 | J: 181.99550074969622 R: 376.6815166855275 V: 182.06033 H: 3.2248146533966064
04/08/2024 23:05:39 [INFO] Epoch 393 | J: 181.83535496238335 R: 371.55649894413966 V: 182.04614 H: 3.2515859603881836
04/08/2024 23:06:00 [INFO] Epoch 394 | J: 181.5207309444545 R: 371.76813050580733 V: 181.81557 H: 3.2645907402038574
04/08/2024 23:06:21 [INFO] Epoch 395 | J: 181.7660661049767 R: 372.5675599795343 V: 181.69331 H: 3.2819933891296387
04/08/2024 23:06:42 [INFO] Epoch 396 | J: 182.24569405662703 R: 373.3276693278528 V: 181.97537 H: 3.2840511798858643
04/08/2024 23:07:02 [INFO] Epoch 397 | J: 183.82078265960652 R: 381.1526112483349 V: 182.2001 H: 3.3011231422424316
04/08/2024 23:07:23 [INFO] Epoch 398 | J: 181.6458873526743 R: 374.26146237896387 V: 182.40372 H: 3.3134140968322754
04/08/2024 23:07:44 [INFO] Epoch 399 | J: 182.76039423715096 R: 376.6850643326526 V: 182.80771 H: 3.308129072189331
04/08/2024 23:08:05 [INFO] Epoch 400 | J: 183.7677588789786 R: 380.7190184195661 V: 182.97957 H: 3.3151183128356934
