04/08/2024 20:48:53 [INFO] ###################################################################################################
04/08/2024 20:48:53 [INFO] Experiment Algorithm: PPO
04/08/2024 20:48:53 [INFO] Epoch 0 | J: 4.192310003329226 R: 4.25366897102726 V: -0.6816945 H: 4.256815433502197
04/08/2024 20:49:13 [INFO] Epoch 1 | J: 17.260096779115823 R: 20.33105386805043 V: 1.3721882 H: 4.069804668426514
04/08/2024 20:49:34 [INFO] Epoch 2 | J: 34.63174769461243 R: 48.419080508665175 V: 4.5663667 H: 3.9757933616638184
04/08/2024 20:49:56 [INFO] Epoch 3 | J: 83.45416435394233 R: 242.8071735401978 V: 11.127737 H: 3.9257068634033203
04/08/2024 20:50:17 [INFO] Epoch 4 | J: 91.34784597816119 R: 197.5454410002572 V: 22.49451 H: 3.919294595718384
04/08/2024 20:50:38 [INFO] Epoch 5 | J: 84.42389167115229 R: 182.77468300018467 V: 34.596657 H: 3.910543441772461
04/08/2024 20:50:59 [INFO] Epoch 6 | J: 133.8684259191865 R: 308.74154132157594 V: 48.617485 H: 3.886514663696289
04/08/2024 20:51:20 [INFO] Epoch 7 | J: 110.37604305659386 R: 221.17647220370782 V: 66.84703 H: 3.954021692276001
04/08/2024 20:51:41 [INFO] Epoch 8 | J: 146.72162109749274 R: 333.09092160668473 V: 76.38612 H: 4.011036396026611
04/08/2024 20:52:03 [INFO] Epoch 9 | J: 135.14817340581448 R: 307.24855096399466 V: 93.081566 H: 4.033085823059082
04/08/2024 20:52:24 [INFO] Epoch 10 | J: 151.9898994368679 R: 335.8588950423451 V: 104.720726 H: 3.9659242630004883
04/08/2024 20:52:45 [INFO] Epoch 11 | J: 150.43607354870042 R: 320.13437716545866 V: 114.61965 H: 3.9703495502471924
04/08/2024 20:53:06 [INFO] Epoch 12 | J: 147.3138999121902 R: 291.43784574022897 V: 122.39284 H: 3.9603350162506104
04/08/2024 20:53:27 [INFO] Epoch 13 | J: 148.1881963966582 R: 297.1973707708251 V: 130.32239 H: 3.9512665271759033
04/08/2024 20:53:48 [INFO] Epoch 14 | J: 143.86906958966435 R: 275.8039396612304 V: 132.41835 H: 3.933255434036255
04/08/2024 20:54:09 [INFO] Epoch 15 | J: 147.14605131358715 R: 281.5629599721753 V: 133.78099 H: 3.907862424850464
04/08/2024 20:54:31 [INFO] Epoch 16 | J: 154.62037543898492 R: 315.06169991268365 V: 136.35962 H: 3.888766050338745
04/08/2024 20:54:52 [INFO] Epoch 17 | J: 157.84460535346182 R: 335.70254480087516 V: 138.17209 H: 3.875448703765869
04/08/2024 20:55:13 [INFO] Epoch 18 | J: 153.8468209112719 R: 324.46725260415946 V: 141.85771 H: 3.890101909637451
04/08/2024 20:55:34 [INFO] Epoch 19 | J: 162.756446473024 R: 371.9563138580768 V: 143.67493 H: 3.857365369796753
04/08/2024 20:55:55 [INFO] Epoch 20 | J: 162.04830508067573 R: 362.2843912243786 V: 142.53406 H: 3.81127667427063
04/08/2024 20:56:17 [INFO] Epoch 21 | J: 172.05241178599994 R: 409.22808456277573 V: 145.83307 H: 3.7664194107055664
04/08/2024 20:56:38 [INFO] Epoch 22 | J: 179.40244636064244 R: 463.37470480626115 V: 146.57504 H: 3.7982730865478516
04/08/2024 20:56:59 [INFO] Epoch 23 | J: 168.10904126259476 R: 459.6937780468046 V: 148.36423 H: 3.8076627254486084
04/08/2024 20:57:21 [INFO] Epoch 24 | J: 177.31113740012407 R: 448.947234212079 V: 150.08078 H: 3.741638660430908
04/08/2024 20:57:42 [INFO] Epoch 25 | J: 180.01067686756113 R: 428.40414351421333 V: 154.2056 H: 3.749904155731201
04/08/2024 20:58:03 [INFO] Epoch 26 | J: 174.86241934626182 R: 428.23910657578483 V: 160.35635 H: 3.736471652984619
04/08/2024 20:58:25 [INFO] Epoch 27 | J: 197.1799051499558 R: 504.2727687610708 V: 165.78027 H: 3.7027573585510254
04/08/2024 20:58:46 [INFO] Epoch 28 | J: 213.23398655098435 R: 573.7198983540333 V: 167.62442 H: 3.676840305328369
04/08/2024 20:59:08 [INFO] Epoch 29 | J: 192.62606951576956 R: 470.84350124450077 V: 170.89163 H: 3.6437368392944336
04/08/2024 20:59:29 [INFO] Epoch 30 | J: 206.31576888757536 R: 559.4653136773178 V: 174.2995 H: 3.5983633995056152
04/08/2024 20:59:50 [INFO] Epoch 31 | J: 206.2139246978517 R: 559.3827675910188 V: 178.0228 H: 3.5671677589416504
04/08/2024 21:00:12 [INFO] Epoch 32 | J: 206.67755879082628 R: 548.9073096563245 V: 182.14359 H: 3.514754056930542
04/08/2024 21:00:33 [INFO] Epoch 33 | J: 203.44753242090275 R: 501.984009409268 V: 184.88885 H: 3.5004279613494873
04/08/2024 21:00:54 [INFO] Epoch 34 | J: 197.37488320999046 R: 493.3257821051483 V: 186.46704 H: 3.4707727432250977
04/08/2024 21:01:15 [INFO] Epoch 35 | J: 209.29381369821326 R: 549.7757716156935 V: 187.7562 H: 3.4223251342773438
04/08/2024 21:01:37 [INFO] Epoch 36 | J: 206.39120064129082 R: 526.2592148552536 V: 189.45943 H: 3.4533705711364746
04/08/2024 21:01:58 [INFO] Epoch 37 | J: 211.05016695537566 R: 577.6722019486403 V: 190.84122 H: 3.4567129611968994
04/08/2024 21:02:19 [INFO] Epoch 38 | J: 198.07872361045412 R: 508.35479199359344 V: 192.96396 H: 3.458714008331299
04/08/2024 21:02:41 [INFO] Epoch 39 | J: 197.97189192996277 R: 519.1558223806188 V: 191.36899 H: 3.492363214492798
04/08/2024 21:03:03 [INFO] Epoch 40 | J: 196.5890175145453 R: 509.2854002656389 V: 189.38757 H: 3.4714550971984863
04/08/2024 21:03:25 [INFO] Epoch 41 | J: 201.36760793275002 R: 542.5801196711292 V: 186.65114 H: 3.477631092071533
04/08/2024 21:03:46 [INFO] Epoch 42 | J: 191.39930609239536 R: 483.47505657931134 V: 186.71323 H: 3.483158588409424
04/08/2024 21:04:07 [INFO] Epoch 43 | J: 205.8989476139901 R: 576.577526897575 V: 188.28471 H: 3.462514638900757
04/08/2024 21:04:29 [INFO] Epoch 44 | J: 209.3161033932758 R: 587.8231189227391 V: 187.40005 H: 3.431328773498535
04/08/2024 21:04:50 [INFO] Epoch 45 | J: 196.11946404489248 R: 536.4624692489017 V: 184.738 H: 3.400886058807373
04/08/2024 21:05:12 [INFO] Epoch 46 | J: 207.6638140751451 R: 647.2778146018329 V: 182.1656 H: 3.3141441345214844
04/08/2024 21:05:34 [INFO] Epoch 47 | J: 209.23905724298953 R: 567.4666967688377 V: 185.86497 H: 3.263573169708252
04/08/2024 21:05:55 [INFO] Epoch 48 | J: 211.86122959903014 R: 581.0166654431024 V: 190.0467 H: 3.278677463531494
04/08/2024 21:06:17 [INFO] Epoch 49 | J: 205.19867000271128 R: 571.8045004885928 V: 192.81674 H: 3.3153669834136963
04/08/2024 21:06:38 [INFO] Epoch 50 | J: 208.5991076773104 R: 569.6046068635912 V: 191.43243 H: 3.310236692428589
04/08/2024 21:07:00 [INFO] Epoch 51 | J: 212.78361442410414 R: 590.343585835633 V: 191.76837 H: 3.304499626159668
04/08/2024 21:07:21 [INFO] Epoch 52 | J: 191.6479930726636 R: 472.3113821334643 V: 190.90158 H: 3.326174020767212
04/08/2024 21:07:43 [INFO] Epoch 53 | J: 203.46002435385748 R: 542.5700829860996 V: 190.3373 H: 3.2771542072296143
04/08/2024 21:08:05 [INFO] Epoch 54 | J: 194.3819987986724 R: 460.39454306921306 V: 192.9144 H: 3.234476089477539
04/08/2024 21:08:26 [INFO] Epoch 55 | J: 201.3555618219135 R: 473.4576068030037 V: 196.29726 H: 3.243046283721924
04/08/2024 21:08:48 [INFO] Epoch 56 | J: 186.28949431632205 R: 413.75001616402835 V: 195.02542 H: 3.242025375366211
04/08/2024 21:09:10 [INFO] Epoch 57 | J: 197.80021856135758 R: 458.43160363029057 V: 193.8194 H: 3.169829845428467
04/08/2024 21:09:31 [INFO] Epoch 58 | J: 207.63267711516536 R: 506.66948465126023 V: 190.0352 H: 3.1373465061187744
04/08/2024 21:09:53 [INFO] Epoch 59 | J: 197.21088150726672 R: 462.6224568866199 V: 189.21135 H: 3.1716256141662598
04/08/2024 21:10:15 [INFO] Epoch 60 | J: 202.0056554124881 R: 471.29297792152073 V: 190.9076 H: 3.145071506500244
04/08/2024 21:10:37 [INFO] Epoch 61 | J: 199.47396898771706 R: 475.9195106595777 V: 192.5878 H: 3.2168352603912354
04/08/2024 21:10:58 [INFO] Epoch 62 | J: 207.1711771341692 R: 505.7494624631665 V: 194.30222 H: 3.1999921798706055
04/08/2024 21:11:20 [INFO] Epoch 63 | J: 193.31232924188663 R: 444.56588228119017 V: 193.91965 H: 3.2216591835021973
04/08/2024 21:11:42 [INFO] Epoch 64 | J: 211.75599083237003 R: 550.3119388135091 V: 194.68658 H: 3.1858034133911133
04/08/2024 21:12:04 [INFO] Epoch 65 | J: 213.495925354158 R: 552.5291983597887 V: 196.66202 H: 3.1496758460998535
04/08/2024 21:12:26 [INFO] Epoch 66 | J: 212.17930753421916 R: 552.6513916343171 V: 199.67667 H: 3.130340099334717
04/08/2024 21:12:48 [INFO] Epoch 67 | J: 215.8853205394123 R: 569.9507709697467 V: 201.41833 H: 3.1102840900421143
04/08/2024 21:13:09 [INFO] Epoch 68 | J: 199.05980799346167 R: 508.6984113636046 V: 200.38432 H: 3.0646355152130127
04/08/2024 21:13:31 [INFO] Epoch 69 | J: 141.67573492106968 R: 256.5753902534538 V: 188.0439 H: 3.109727621078491
04/08/2024 21:13:53 [INFO] Epoch 70 | J: 169.24418188888518 R: 376.5765650611621 V: 165.8295 H: 3.084881544113159
04/08/2024 21:14:15 [INFO] Epoch 71 | J: 203.28935049292537 R: 507.16682304452604 V: 155.68994 H: 3.0872321128845215
04/08/2024 21:14:36 [INFO] Epoch 72 | J: 212.19326424102306 R: 551.4034487146554 V: 162.8844 H: 3.1136600971221924
04/08/2024 21:14:58 [INFO] Epoch 73 | J: 211.70946669738683 R: 558.3133690895448 V: 174.00354 H: 3.1334712505340576
04/08/2024 21:15:20 [INFO] Epoch 74 | J: 211.04597831460646 R: 535.3476651385686 V: 184.34396 H: 3.1328988075256348
04/08/2024 21:15:42 [INFO] Epoch 75 | J: 213.43481210988958 R: 545.0192178628577 V: 191.03366 H: 3.117569923400879
04/08/2024 21:16:04 [INFO] Epoch 76 | J: 208.09535405051707 R: 512.8669821305544 V: 195.71341 H: 3.0905051231384277
04/08/2024 21:16:25 [INFO] Epoch 77 | J: 206.06666644544785 R: 496.5666971953062 V: 198.03989 H: 3.0306429862976074
04/08/2024 21:16:47 [INFO] Epoch 78 | J: 209.71987482175646 R: 520.5062086405535 V: 198.70357 H: 3.018578052520752
04/08/2024 21:17:09 [INFO] Epoch 79 | J: 215.36742347753096 R: 561.7212700716094 V: 199.43835 H: 3.0141968727111816
04/08/2024 21:17:31 [INFO] Epoch 80 | J: 191.11095936312918 R: 449.05515592830704 V: 199.39314 H: 3.0391323566436768
04/08/2024 21:17:53 [INFO] Epoch 81 | J: 213.4491534570518 R: 542.9532100086652 V: 196.6896 H: 3.052464246749878
04/08/2024 21:18:15 [INFO] Epoch 82 | J: 218.66851034881157 R: 578.7759939305323 V: 198.42577 H: 3.0461156368255615
04/08/2024 21:18:36 [INFO] Epoch 83 | J: 203.73377750861 R: 518.7670579215416 V: 199.9604 H: 3.0570738315582275
04/08/2024 21:18:58 [INFO] Epoch 84 | J: 215.58968443757186 R: 568.2877264019695 V: 200.58237 H: 3.1120352745056152
04/08/2024 21:19:20 [INFO] Epoch 85 | J: 212.72442707191982 R: 556.3493309910691 V: 200.78777 H: 3.0741100311279297
04/08/2024 21:19:42 [INFO] Epoch 86 | J: 210.64402455056182 R: 547.5590256141926 V: 196.0875 H: 3.116875648498535
04/08/2024 21:20:04 [INFO] Epoch 87 | J: 215.01541216551294 R: 576.973783806385 V: 192.20639 H: 3.104562997817993
04/08/2024 21:20:26 [INFO] Epoch 88 | J: 212.31052742872217 R: 564.662421733595 V: 195.36356 H: 3.0826847553253174
04/08/2024 21:20:48 [INFO] Epoch 89 | J: 120.44140739913034 R: 195.3157191230685 V: 195.25395 H: 3.088833808898926
04/08/2024 21:21:09 [INFO] Epoch 90 | J: 197.1753395057799 R: 500.664452615992 V: 158.0197 H: 3.0211472511291504
04/08/2024 21:21:31 [INFO] Epoch 91 | J: 197.5950543007339 R: 488.89308316927884 V: 165.92508 H: 3.034916877746582
04/08/2024 21:21:53 [INFO] Epoch 92 | J: 206.30808288996573 R: 537.2433018812133 V: 171.51736 H: 3.0681281089782715
04/08/2024 21:22:15 [INFO] Epoch 93 | J: 213.7061885005998 R: 579.5120135245023 V: 181.77274 H: 3.152994394302368
04/08/2024 21:22:37 [INFO] Epoch 94 | J: 192.20729067694433 R: 467.8483748798737 V: 184.70805 H: 3.199486017227173
04/08/2024 21:22:59 [INFO] Epoch 95 | J: 206.99490618728754 R: 539.5822108418859 V: 187.16037 H: 3.2102508544921875
04/08/2024 21:23:21 [INFO] Epoch 96 | J: 215.25670336680923 R: 572.2047312465313 V: 191.22115 H: 3.2203006744384766
04/08/2024 21:23:43 [INFO] Epoch 97 | J: 219.6011025883955 R: 594.3208898228795 V: 194.23038 H: 3.212998151779175
04/08/2024 21:24:05 [INFO] Epoch 98 | J: 211.20294268879243 R: 554.9054407925145 V: 197.23555 H: 3.2083749771118164
04/08/2024 21:24:27 [INFO] Epoch 99 | J: 212.97438214640155 R: 575.383687113912 V: 199.04974 H: 3.2004103660583496
04/08/2024 21:24:49 [INFO] Epoch 100 | J: 218.901027999316 R: 602.4732279875668 V: 201.02417 H: 3.200510263442993
04/08/2024 21:25:11 [INFO] Epoch 101 | J: 204.5749301224418 R: 518.4680863886969 V: 202.25984 H: 3.1802914142608643
04/08/2024 21:25:33 [INFO] Epoch 102 | J: 201.07307628498478 R: 490.5230198407773 V: 202.22946 H: 3.226706027984619
04/08/2024 21:25:55 [INFO] Epoch 103 | J: 220.1995646654138 R: 589.589485812453 V: 203.25377 H: 3.2161483764648438
04/08/2024 21:26:17 [INFO] Epoch 104 | J: 219.61595837024794 R: 601.8258630465391 V: 204.20865 H: 3.2321505546569824
04/08/2024 21:26:39 [INFO] Epoch 105 | J: 218.54470366538507 R: 587.6099976332805 V: 204.71994 H: 3.1821179389953613
04/08/2024 21:27:01 [INFO] Epoch 106 | J: 216.131384776041 R: 590.017046012467 V: 205.66805 H: 3.194995403289795
04/08/2024 21:27:23 [INFO] Epoch 107 | J: 215.4129831243337 R: 576.542233432416 V: 205.87106 H: 3.1656746864318848
04/08/2024 21:27:46 [INFO] Epoch 108 | J: 211.85219777243037 R: 560.3133566114444 V: 206.60498 H: 3.237534523010254
04/08/2024 21:28:08 [INFO] Epoch 109 | J: 218.03295027534145 R: 583.1482246812845 V: 207.06816 H: 3.226736307144165
04/08/2024 21:28:30 [INFO] Epoch 110 | J: 218.2374544072658 R: 585.5923117316804 V: 206.65288 H: 3.232304811477661
04/08/2024 21:28:52 [INFO] Epoch 111 | J: 215.52329544281451 R: 575.9925848661788 V: 207.17363 H: 3.2220873832702637
04/08/2024 21:29:14 [INFO] Epoch 112 | J: 220.6550763593099 R: 589.0211080488147 V: 207.49287 H: 3.1951327323913574
04/08/2024 21:29:36 [INFO] Epoch 113 | J: 214.0557406769496 R: 568.7510629309236 V: 207.49771 H: 3.203545093536377
04/08/2024 21:29:58 [INFO] Epoch 114 | J: 217.11094349323372 R: 585.5941795985848 V: 207.83447 H: 3.2198705673217773
04/08/2024 21:30:20 [INFO] Epoch 115 | J: 216.2482899868938 R: 582.7131385699632 V: 207.80368 H: 3.1923606395721436
04/08/2024 21:30:42 [INFO] Epoch 116 | J: 212.16899076860273 R: 560.3112847044416 V: 207.6003 H: 3.2033326625823975
04/08/2024 21:31:04 [INFO] Epoch 117 | J: 219.48040115554696 R: 599.5375205218413 V: 207.98645 H: 3.1730520725250244
04/08/2024 21:31:26 [INFO] Epoch 118 | J: 204.78096942992426 R: 534.1214444963056 V: 208.48332 H: 3.1499974727630615
04/08/2024 21:31:48 [INFO] Epoch 119 | J: 220.89166306073966 R: 604.9432181248492 V: 209.1337 H: 3.208139419555664
04/08/2024 21:32:10 [INFO] Epoch 120 | J: 213.13531240870947 R: 555.934820604746 V: 209.39253 H: 3.248522996902466
04/08/2024 21:32:32 [INFO] Epoch 121 | J: 212.2725694737797 R: 558.4453707886859 V: 209.1663 H: 3.288160800933838
04/08/2024 21:32:54 [INFO] Epoch 122 | J: 210.9728911283993 R: 575.831949301714 V: 208.93274 H: 3.3302433490753174
04/08/2024 21:33:16 [INFO] Epoch 123 | J: 219.5265382362275 R: 615.6986026055068 V: 209.09622 H: 3.327817916870117
04/08/2024 21:33:38 [INFO] Epoch 124 | J: 221.3418314993924 R: 612.413171585464 V: 208.73604 H: 3.292696952819824
04/08/2024 21:34:00 [INFO] Epoch 125 | J: 218.56890661442966 R: 590.9862713833952 V: 208.1517 H: 3.313427448272705
04/08/2024 21:34:22 [INFO] Epoch 126 | J: 208.18721651621973 R: 561.9826499260228 V: 208.88431 H: 3.3215112686157227
04/08/2024 21:34:45 [INFO] Epoch 127 | J: 213.3139311232948 R: 578.0684492949973 V: 208.07903 H: 3.3331964015960693
04/08/2024 21:35:07 [INFO] Epoch 128 | J: 213.82520376583415 R: 573.7393806478358 V: 207.19975 H: 3.333885669708252
04/08/2024 21:35:29 [INFO] Epoch 129 | J: 223.91115398475569 R: 619.9931978105849 V: 206.08125 H: 3.342355728149414
04/08/2024 21:35:51 [INFO] Epoch 130 | J: 222.42757489520795 R: 611.4209619649814 V: 206.6726 H: 3.3090200424194336
04/08/2024 21:36:13 [INFO] Epoch 131 | J: 215.29072352826273 R: 578.379728373134 V: 206.24838 H: 3.263017177581787
04/08/2024 21:36:35 [INFO] Epoch 132 | J: 220.70500188341595 R: 613.2399464574037 V: 207.61206 H: 3.2972569465637207
04/08/2024 21:36:57 [INFO] Epoch 133 | J: 218.79905387579885 R: 609.984447518858 V: 208.99661 H: 3.3497395515441895
04/08/2024 21:37:19 [INFO] Epoch 134 | J: 221.82468388183764 R: 604.0874215763627 V: 209.85913 H: 3.3333933353424072
04/08/2024 21:37:41 [INFO] Epoch 135 | J: 221.3588607838871 R: 601.5012451590867 V: 211.14864 H: 3.354154586791992
04/08/2024 21:38:03 [INFO] Epoch 136 | J: 220.59863628691966 R: 599.6920249267829 V: 211.80318 H: 3.326474905014038
04/08/2024 21:38:25 [INFO] Epoch 137 | J: 219.91385371873125 R: 604.8759082277289 V: 211.53357 H: 3.3433289527893066
04/08/2024 21:38:47 [INFO] Epoch 138 | J: 200.25741328496215 R: 514.3677464639131 V: 212.62491 H: 3.3245413303375244
04/08/2024 21:39:09 [INFO] Epoch 139 | J: 222.05891475511748 R: 608.600723144674 V: 212.72168 H: 3.32265567779541
04/08/2024 21:39:31 [INFO] Epoch 140 | J: 220.60076536274565 R: 598.0655410035574 V: 212.94028 H: 3.4218132495880127
04/08/2024 21:39:53 [INFO] Epoch 141 | J: 220.96580860703688 R: 600.9900229616876 V: 211.94649 H: 3.4105188846588135
04/08/2024 21:40:16 [INFO] Epoch 142 | J: 217.74187776609938 R: 589.8338368567172 V: 212.33232 H: 3.4169511795043945
04/08/2024 21:40:38 [INFO] Epoch 143 | J: 219.75182346153207 R: 602.4364451846038 V: 212.62663 H: 3.4078781604766846
04/08/2024 21:41:00 [INFO] Epoch 144 | J: 217.86526490862525 R: 588.1350143245062 V: 212.39722 H: 3.396027088165283
04/08/2024 21:41:22 [INFO] Epoch 145 | J: 220.35215665999053 R: 596.9336511106314 V: 212.24443 H: 3.4313716888427734
04/08/2024 21:41:44 [INFO] Epoch 146 | J: 214.63087084651224 R: 565.4668338978078 V: 212.12683 H: 3.43691349029541
04/08/2024 21:42:06 [INFO] Epoch 147 | J: 219.67731943777207 R: 583.903662533482 V: 212.70488 H: 3.3999648094177246
04/08/2024 21:42:28 [INFO] Epoch 148 | J: 217.61857509697091 R: 585.0029517391731 V: 212.4445 H: 3.3355987071990967
04/08/2024 21:42:50 [INFO] Epoch 149 | J: 214.38631488039496 R: 552.9707053329755 V: 212.12837 H: 3.327695846557617
04/08/2024 21:43:12 [INFO] Epoch 150 | J: 209.45616504595938 R: 537.4583286109257 V: 212.63025 H: 3.3285694122314453
04/08/2024 21:43:34 [INFO] Epoch 151 | J: 222.62482337178852 R: 615.3955274679022 V: 213.73282 H: 3.367380380630493
04/08/2024 21:43:56 [INFO] Epoch 152 | J: 223.07702914092562 R: 613.0969443545906 V: 212.7393 H: 3.3553619384765625
04/08/2024 21:44:18 [INFO] Epoch 153 | J: 223.90214177711633 R: 600.9706818107877 V: 212.4119 H: 3.383582592010498
04/08/2024 21:44:40 [INFO] Epoch 154 | J: 217.2191418027005 R: 568.5053980624153 V: 213.0481 H: 3.4167370796203613
04/08/2024 21:45:02 [INFO] Epoch 155 | J: 216.52849640427357 R: 581.8980305577903 V: 213.92578 H: 3.4790425300598145
04/08/2024 21:45:24 [INFO] Epoch 156 | J: 221.77363160548376 R: 615.2914569276174 V: 213.51164 H: 3.488834857940674
04/08/2024 21:45:46 [INFO] Epoch 157 | J: 211.6311621067363 R: 577.177409328509 V: 212.10812 H: 3.48281192779541
04/08/2024 21:46:08 [INFO] Epoch 158 | J: 218.5527436707198 R: 607.0076246302689 V: 211.03555 H: 3.4445126056671143
04/08/2024 21:46:30 [INFO] Epoch 159 | J: 221.74449498235526 R: 608.1884320020414 V: 212.21396 H: 3.434990167617798
04/08/2024 21:46:53 [INFO] Epoch 160 | J: 220.106812962971 R: 608.8655032263785 V: 213.27798 H: 3.436920166015625
04/08/2024 21:47:15 [INFO] Epoch 161 | J: 219.73284394590536 R: 588.576478767491 V: 214.47672 H: 3.4458987712860107
04/08/2024 21:47:37 [INFO] Epoch 162 | J: 224.24998882384028 R: 613.5750865670967 V: 216.22354 H: 3.490837335586548
04/08/2024 21:47:59 [INFO] Epoch 163 | J: 212.0796433219595 R: 564.3857330530993 V: 215.43266 H: 3.5230886936187744
04/08/2024 21:48:21 [INFO] Epoch 164 | J: 220.52688076635178 R: 596.034681901988 V: 215.39957 H: 3.4974935054779053
04/08/2024 21:48:43 [INFO] Epoch 165 | J: 221.2106073321267 R: 611.3856223016907 V: 214.8594 H: 3.5113675594329834
04/08/2024 21:49:05 [INFO] Epoch 166 | J: 226.13067380489412 R: 615.9130312957832 V: 213.73418 H: 3.5546727180480957
04/08/2024 21:49:27 [INFO] Epoch 167 | J: 224.72497718475992 R: 598.8956783290222 V: 212.42136 H: 3.608858108520508
04/08/2024 21:49:49 [INFO] Epoch 168 | J: 222.3466893417995 R: 597.2727043407058 V: 213.49619 H: 3.5981054306030273
04/08/2024 21:50:11 [INFO] Epoch 169 | J: 222.4655283684218 R: 599.5303069206893 V: 215.8243 H: 3.6492080688476562
04/08/2024 21:50:33 [INFO] Epoch 170 | J: 177.54360509013821 R: 390.44565818278863 V: 215.88017 H: 3.6869664192199707
04/08/2024 21:50:55 [INFO] Epoch 171 | J: 217.58005443443236 R: 566.8770412814323 V: 215.30559 H: 3.7633469104766846
04/08/2024 21:51:17 [INFO] Epoch 172 | J: 208.43587842230627 R: 548.5958158676352 V: 212.68245 H: 3.7801265716552734
04/08/2024 21:51:39 [INFO] Epoch 173 | J: 185.28414111823187 R: 446.45088170445035 V: 207.3647 H: 3.7652790546417236
04/08/2024 21:52:01 [INFO] Epoch 174 | J: 212.04850531395778 R: 562.670866973061 V: 204.32059 H: 3.7660083770751953
04/08/2024 21:52:23 [INFO] Epoch 175 | J: 216.47366659673384 R: 563.4271785503208 V: 202.5575 H: 3.7805709838867188
04/08/2024 21:52:45 [INFO] Epoch 176 | J: 217.32480406009023 R: 569.5156403861282 V: 202.61882 H: 3.7795939445495605
04/08/2024 21:53:07 [INFO] Epoch 177 | J: 201.63695006062687 R: 491.3979461229916 V: 205.16028 H: 3.7801294326782227
04/08/2024 21:53:29 [INFO] Epoch 178 | J: 200.43701008284708 R: 479.4848301716137 V: 208.29587 H: 3.8005008697509766
04/08/2024 21:53:51 [INFO] Epoch 179 | J: 205.06419908130516 R: 512.5794067074575 V: 209.72205 H: 3.797675132751465
04/08/2024 21:54:13 [INFO] Epoch 180 | J: 208.32087831827775 R: 538.9893932002035 V: 210.9421 H: 3.754652976989746
04/08/2024 21:54:35 [INFO] Epoch 181 | J: 203.49226934845657 R: 515.917252882132 V: 210.82344 H: 3.751506805419922
04/08/2024 21:54:57 [INFO] Epoch 182 | J: 210.29100588506995 R: 536.3393413055885 V: 209.66743 H: 3.712791681289673
04/08/2024 21:55:19 [INFO] Epoch 183 | J: 219.400942521471 R: 593.2136643257157 V: 208.46306 H: 3.7122271060943604
04/08/2024 21:55:41 [INFO] Epoch 184 | J: 211.11704260382803 R: 563.7647147961168 V: 207.21834 H: 3.7080368995666504
04/08/2024 21:56:03 [INFO] Epoch 185 | J: 218.61608394554833 R: 589.4822008570158 V: 208.45084 H: 3.658226490020752
04/08/2024 21:56:25 [INFO] Epoch 186 | J: 214.05367928279233 R: 571.7533680591588 V: 209.1032 H: 3.642794132232666
04/08/2024 21:56:47 [INFO] Epoch 187 | J: 224.3412856858656 R: 606.2393838235278 V: 210.17514 H: 3.644380807876587
04/08/2024 21:57:09 [INFO] Epoch 188 | J: 223.2230386116483 R: 612.6079179103998 V: 211.10043 H: 3.648599147796631
04/08/2024 21:57:30 [INFO] Epoch 189 | J: 200.4074022570288 R: 507.00432177470776 V: 212.86841 H: 3.623173713684082
04/08/2024 21:57:52 [INFO] Epoch 190 | J: 217.79390557963598 R: 580.9567981538264 V: 215.46074 H: 3.6258349418640137
04/08/2024 21:58:14 [INFO] Epoch 191 | J: 221.51158576384418 R: 593.0175335344643 V: 214.52951 H: 3.6695919036865234
04/08/2024 21:58:36 [INFO] Epoch 192 | J: 203.6536363674043 R: 500.2071385624364 V: 215.66101 H: 3.6769704818725586
04/08/2024 21:58:58 [INFO] Epoch 193 | J: 217.43520443564952 R: 584.4269464894995 V: 220.41507 H: 3.7343826293945312
04/08/2024 21:59:20 [INFO] Epoch 194 | J: 213.84155225658327 R: 552.6619603240451 V: 218.67337 H: 3.735826015472412
04/08/2024 21:59:42 [INFO] Epoch 195 | J: 214.69393205205589 R: 549.0263584403713 V: 213.68237 H: 3.698782205581665
04/08/2024 22:00:04 [INFO] Epoch 196 | J: 218.20848130672863 R: 574.341655715607 V: 212.4858 H: 3.6708426475524902
04/08/2024 22:00:26 [INFO] Epoch 197 | J: 206.8436267171582 R: 523.0701767465482 V: 212.68205 H: 3.6782941818237305
04/08/2024 22:00:48 [INFO] Epoch 198 | J: 217.61493487562151 R: 584.3245770188491 V: 212.78056 H: 3.6448802947998047
04/08/2024 22:01:10 [INFO] Epoch 199 | J: 220.04706584889655 R: 585.2424978394015 V: 213.44687 H: 3.6862354278564453
04/08/2024 22:01:32 [INFO] Epoch 200 | J: 218.17390165240937 R: 573.7644413008599 V: 214.08322 H: 3.675353527069092
04/08/2024 22:01:54 [INFO] Epoch 201 | J: 220.96772909598553 R: 596.9105020670161 V: 214.43668 H: 3.685743570327759
04/08/2024 22:02:16 [INFO] Epoch 202 | J: 219.76183022685564 R: 584.0449061771898 V: 214.07019 H: 3.677824020385742
04/08/2024 22:02:38 [INFO] Epoch 203 | J: 220.14708732816376 R: 600.0720289859185 V: 214.46758 H: 3.680537223815918
04/08/2024 22:03:02 [INFO] Epoch 204 | J: 213.92249987262676 R: 567.3263265005768 V: 214.03816 H: 3.6108169555664062
04/08/2024 22:03:24 [INFO] Epoch 205 | J: 219.14929982009653 R: 576.7664304376583 V: 214.11392 H: 3.543550729751587
04/08/2024 22:03:46 [INFO] Epoch 206 | J: 217.696624576349 R: 578.9537008843238 V: 214.92195 H: 3.5637049674987793
04/08/2024 22:04:08 [INFO] Epoch 207 | J: 218.99050284471332 R: 586.9638208110146 V: 215.30453 H: 3.5298070907592773
04/08/2024 22:04:30 [INFO] Epoch 208 | J: 221.7570002805127 R: 587.4823679142158 V: 214.96097 H: 3.5376343727111816
04/08/2024 22:04:52 [INFO] Epoch 209 | J: 218.81976650846656 R: 582.9281818278741 V: 214.03157 H: 3.5334534645080566
04/08/2024 22:05:14 [INFO] Epoch 210 | J: 218.12014044256875 R: 582.3277556551722 V: 213.01846 H: 3.5346999168395996
04/08/2024 22:05:36 [INFO] Epoch 211 | J: 220.3703935937795 R: 588.4618501732873 V: 212.60909 H: 3.5153136253356934
04/08/2024 22:05:58 [INFO] Epoch 212 | J: 220.552534175064 R: 579.0367166182956 V: 215.10715 H: 3.5088906288146973
04/08/2024 22:06:19 [INFO] Epoch 213 | J: 219.19315831980597 R: 586.5758634268285 V: 215.02551 H: 3.512205123901367
04/08/2024 22:06:41 [INFO] Epoch 214 | J: 221.85680438868454 R: 586.1560612780988 V: 215.55933 H: 3.5750792026519775
04/08/2024 22:07:03 [INFO] Epoch 215 | J: 213.02518313162605 R: 549.2159096301837 V: 217.31076 H: 3.6008434295654297
04/08/2024 22:07:25 [INFO] Epoch 216 | J: 218.29360014796293 R: 582.5257877285112 V: 214.9531 H: 3.593194007873535
04/08/2024 22:07:47 [INFO] Epoch 217 | J: 217.8870763302353 R: 572.2869475203292 V: 214.19917 H: 3.5910377502441406
04/08/2024 22:08:08 [INFO] Epoch 218 | J: 222.8253653917264 R: 602.35318908357 V: 214.49121 H: 3.5657236576080322
04/08/2024 22:08:30 [INFO] Epoch 219 | J: 221.4456244068595 R: 593.5843896084259 V: 215.13803 H: 3.527881622314453
04/08/2024 22:08:52 [INFO] Epoch 220 | J: 223.39980988256283 R: 603.2251538264467 V: 216.66959 H: 3.517700672149658
04/08/2024 22:09:13 [INFO] Epoch 221 | J: 213.7286010465893 R: 552.3477523064722 V: 217.66438 H: 3.5167365074157715
04/08/2024 22:09:35 [INFO] Epoch 222 | J: 220.62712565080074 R: 588.4389690347728 V: 217.45708 H: 3.5831851959228516
04/08/2024 22:09:56 [INFO] Epoch 223 | J: 218.37291562299401 R: 589.1697962960097 V: 217.50504 H: 3.7182209491729736
04/08/2024 22:10:18 [INFO] Epoch 224 | J: 214.6444312465873 R: 559.3307317718314 V: 216.34006 H: 3.7550673484802246
04/08/2024 22:10:39 [INFO] Epoch 225 | J: 218.2470793703554 R: 576.3371709732502 V: 216.67065 H: 3.7705297470092773
04/08/2024 22:11:01 [INFO] Epoch 226 | J: 219.0155420452308 R: 590.0181979907195 V: 218.31963 H: 3.779757261276245
04/08/2024 22:11:23 [INFO] Epoch 227 | J: 218.49722924945127 R: 572.9255274463519 V: 216.28598 H: 3.7764086723327637
04/08/2024 22:11:44 [INFO] Epoch 228 | J: 219.01360599284294 R: 563.1285376533909 V: 215.65604 H: 3.765319347381592
04/08/2024 22:12:06 [INFO] Epoch 229 | J: 213.162411049701 R: 549.3904995471146 V: 216.6834 H: 3.814382553100586
04/08/2024 22:12:27 [INFO] Epoch 230 | J: 222.24776418964296 R: 611.9413517721475 V: 217.00854 H: 3.837982177734375
04/08/2024 22:12:49 [INFO] Epoch 231 | J: 218.97146987285896 R: 608.9646176454669 V: 216.3706 H: 3.8868818283081055
04/08/2024 22:13:10 [INFO] Epoch 232 | J: 222.32894413788736 R: 602.8698022107826 V: 215.09932 H: 3.8984270095825195
04/08/2024 22:13:32 [INFO] Epoch 233 | J: 221.97632377985474 R: 612.7275922013102 V: 213.70407 H: 3.8565282821655273
04/08/2024 22:13:54 [INFO] Epoch 234 | J: 223.7434610038118 R: 621.0654777533674 V: 216.92146 H: 3.8545353412628174
04/08/2024 22:14:15 [INFO] Epoch 235 | J: 216.59491550470725 R: 604.3040095152217 V: 217.24844 H: 3.808504343032837
04/08/2024 22:14:37 [INFO] Epoch 236 | J: 222.23462361161378 R: 621.0449338739911 V: 216.79788 H: 3.845062732696533
04/08/2024 22:14:58 [INFO] Epoch 237 | J: 222.43188202692417 R: 615.4555111820453 V: 216.30647 H: 3.8256759643554688
04/08/2024 22:15:20 [INFO] Epoch 238 | J: 215.0606757447566 R: 614.0908004836846 V: 215.42314 H: 3.7773191928863525
04/08/2024 22:15:42 [INFO] Epoch 239 | J: 217.76165256474928 R: 596.2336878514706 V: 214.71643 H: 3.7717437744140625
04/08/2024 22:16:03 [INFO] Epoch 240 | J: 222.27358492317057 R: 615.708711201621 V: 216.46054 H: 3.840644359588623
04/08/2024 22:16:25 [INFO] Epoch 241 | J: 219.89536007497105 R: 605.9805887759446 V: 217.19583 H: 3.817612886428833
04/08/2024 22:16:46 [INFO] Epoch 242 | J: 224.78412274449283 R: 617.3610993923832 V: 216.40039 H: 3.7872588634490967
04/08/2024 22:17:08 [INFO] Epoch 243 | J: 219.63038205261682 R: 590.184179543398 V: 216.72063 H: 3.764601707458496
04/08/2024 22:17:30 [INFO] Epoch 244 | J: 219.81509248722938 R: 606.6263117193367 V: 216.3135 H: 3.713130474090576
04/08/2024 22:17:51 [INFO] Epoch 245 | J: 219.64799685004763 R: 599.7983424496641 V: 216.01257 H: 3.7048068046569824
04/08/2024 22:18:13 [INFO] Epoch 246 | J: 221.47686767841378 R: 609.0086889300708 V: 216.03146 H: 3.6998209953308105
04/08/2024 22:18:34 [INFO] Epoch 247 | J: 209.94577519644926 R: 547.6040240285878 V: 215.68132 H: 3.685793876647949
04/08/2024 22:18:56 [INFO] Epoch 248 | J: 220.49451312412415 R: 603.8634144605879 V: 218.46042 H: 3.7014310359954834
04/08/2024 22:19:17 [INFO] Epoch 249 | J: 221.84884764671324 R: 626.1127983960401 V: 219.01706 H: 3.7568564414978027
04/08/2024 22:19:39 [INFO] Epoch 250 | J: 223.51353191145154 R: 605.4266855897782 V: 219.43054 H: 3.7548177242279053
04/08/2024 22:20:01 [INFO] Epoch 251 | J: 222.37608438434305 R: 604.4515872291399 V: 219.85796 H: 3.7397444248199463
04/08/2024 22:20:22 [INFO] Epoch 252 | J: 211.0149883507163 R: 548.079577447055 V: 219.48164 H: 3.7160980701446533
04/08/2024 22:20:44 [INFO] Epoch 253 | J: 212.43722313254656 R: 550.6964528103949 V: 218.75056 H: 3.70763897895813
04/08/2024 22:21:05 [INFO] Epoch 254 | J: 215.744030696158 R: 585.6377075824747 V: 218.81831 H: 3.723949909210205
04/08/2024 22:21:27 [INFO] Epoch 255 | J: 221.78229789280084 R: 608.4125599253581 V: 219.01242 H: 3.778437614440918
04/08/2024 22:21:49 [INFO] Epoch 256 | J: 221.3832228623056 R: 600.7701570290571 V: 219.15768 H: 3.775064468383789
04/08/2024 22:22:10 [INFO] Epoch 257 | J: 222.0001047038614 R: 600.0887749161118 V: 219.18294 H: 3.792311906814575
04/08/2024 22:22:32 [INFO] Epoch 258 | J: 223.1223664226457 R: 626.90535800985 V: 220.43352 H: 3.7740280628204346
04/08/2024 22:22:53 [INFO] Epoch 259 | J: 219.50606801951395 R: 613.3469323518882 V: 218.08789 H: 3.793153762817383
04/08/2024 22:23:15 [INFO] Epoch 260 | J: 216.97397610077255 R: 567.2857428806741 V: 219.58237 H: 3.7557358741760254
04/08/2024 22:23:37 [INFO] Epoch 261 | J: 223.1710176767252 R: 631.7868008501108 V: 218.49442 H: 3.7385058403015137
04/08/2024 22:23:58 [INFO] Epoch 262 | J: 224.0204107819523 R: 626.5075078625741 V: 218.88443 H: 3.7890830039978027
04/08/2024 22:24:20 [INFO] Epoch 263 | J: 226.76390135927267 R: 658.506496251861 V: 219.15146 H: 3.782315254211426
04/08/2024 22:24:42 [INFO] Epoch 264 | J: 221.9336545719651 R: 615.2665821912038 V: 221.42581 H: 3.7858381271362305
04/08/2024 22:25:03 [INFO] Epoch 265 | J: 224.4393875993691 R: 634.4301770976324 V: 221.61072 H: 3.707434892654419
04/08/2024 22:25:25 [INFO] Epoch 266 | J: 226.07943568852767 R: 640.1127774279508 V: 221.60837 H: 3.7137527465820312
04/08/2024 22:25:46 [INFO] Epoch 267 | J: 224.51124138387678 R: 607.7615913363189 V: 220.8612 H: 3.746108055114746
04/08/2024 22:26:08 [INFO] Epoch 268 | J: 224.38429426135977 R: 647.5200443192134 V: 220.85574 H: 3.7257559299468994
04/08/2024 22:26:30 [INFO] Epoch 269 | J: 221.38292307216807 R: 628.3027229313008 V: 219.88956 H: 3.72037410736084
04/08/2024 22:26:51 [INFO] Epoch 270 | J: 224.2125624783877 R: 646.5548123219465 V: 220.64873 H: 3.7041170597076416
04/08/2024 22:27:13 [INFO] Epoch 271 | J: 225.55436462273684 R: 648.5158900774817 V: 221.01958 H: 3.691701889038086
04/08/2024 22:27:34 [INFO] Epoch 272 | J: 223.84091101749837 R: 640.220111162111 V: 220.04817 H: 3.6635165214538574
04/08/2024 22:27:56 [INFO] Epoch 273 | J: 223.9808461355679 R: 628.712728701105 V: 221.2958 H: 3.7611160278320312
04/08/2024 22:28:18 [INFO] Epoch 274 | J: 219.44650646629484 R: 584.8801561438552 V: 220.09384 H: 3.772660255432129
04/08/2024 22:28:39 [INFO] Epoch 275 | J: 222.9073361349362 R: 627.6935675697827 V: 218.71648 H: 3.6902389526367188
04/08/2024 22:29:01 [INFO] Epoch 276 | J: 218.04919961785532 R: 583.7356561094281 V: 219.02856 H: 3.686537742614746
04/08/2024 22:29:22 [INFO] Epoch 277 | J: 228.1920341382548 R: 637.897831604521 V: 221.83699 H: 3.667156219482422
04/08/2024 22:29:44 [INFO] Epoch 278 | J: 222.59434674110534 R: 629.4349935352824 V: 223.18228 H: 3.686697483062744
04/08/2024 22:30:06 [INFO] Epoch 279 | J: 221.7530734775884 R: 608.2939460110825 V: 222.2835 H: 3.661522150039673
04/08/2024 22:30:27 [INFO] Epoch 280 | J: 222.18818636075235 R: 603.0616110300273 V: 222.09444 H: 3.6367130279541016
04/08/2024 22:30:49 [INFO] Epoch 281 | J: 225.62450699376421 R: 634.8906957128196 V: 222.96509 H: 3.6201977729797363
04/08/2024 22:31:10 [INFO] Epoch 282 | J: 223.72660970696325 R: 657.3211620191848 V: 222.27066 H: 3.622141122817993
04/08/2024 22:31:32 [INFO] Epoch 283 | J: 217.62830541885415 R: 593.3680454846756 V: 222.62402 H: 3.6068780422210693
04/08/2024 22:31:54 [INFO] Epoch 284 | J: 224.25826782512877 R: 642.5622061940951 V: 222.16025 H: 3.566208600997925
04/08/2024 22:32:15 [INFO] Epoch 285 | J: 211.4311789254536 R: 574.5622002255977 V: 222.71367 H: 3.561556100845337
04/08/2024 22:32:37 [INFO] Epoch 286 | J: 223.8186846708367 R: 622.5774307217534 V: 221.5129 H: 3.5548973083496094
04/08/2024 22:32:58 [INFO] Epoch 287 | J: 222.13031828773646 R: 639.6273673091313 V: 220.73909 H: 3.5924835205078125
04/08/2024 22:33:20 [INFO] Epoch 288 | J: 225.5748938955797 R: 644.2514412095564 V: 218.9415 H: 3.594602346420288
04/08/2024 22:33:42 [INFO] Epoch 289 | J: 224.96685340538716 R: 626.4231880385889 V: 220.22725 H: 3.6138193607330322
04/08/2024 22:34:03 [INFO] Epoch 290 | J: 226.04214439529542 R: 628.6985962381234 V: 221.51773 H: 3.5825631618499756
04/08/2024 22:34:25 [INFO] Epoch 291 | J: 225.18831243928247 R: 630.576884790479 V: 222.14326 H: 3.5647177696228027
04/08/2024 22:34:47 [INFO] Epoch 292 | J: 223.05873187878223 R: 634.0153739596923 V: 223.30917 H: 3.5380406379699707
04/08/2024 22:35:08 [INFO] Epoch 293 | J: 225.08023285195537 R: 648.3270668515261 V: 223.28874 H: 3.5203235149383545
04/08/2024 22:35:30 [INFO] Epoch 294 | J: 223.0751935916322 R: 626.9137800058195 V: 223.29187 H: 3.529114246368408
04/08/2024 22:35:51 [INFO] Epoch 295 | J: 223.55613818211265 R: 605.9388100434437 V: 223.52092 H: 3.5399816036224365
04/08/2024 22:36:13 [INFO] Epoch 296 | J: 222.5158903219921 R: 626.1848017328784 V: 224.15195 H: 3.5774073600769043
04/08/2024 22:36:35 [INFO] Epoch 297 | J: 224.75853742461422 R: 618.3330651037572 V: 226.19917 H: 3.5228323936462402
04/08/2024 22:36:56 [INFO] Epoch 298 | J: 225.8354269247428 R: 610.3863523214278 V: 223.74173 H: 3.4912991523742676
04/08/2024 22:37:18 [INFO] Epoch 299 | J: 222.37493830638078 R: 608.8778903063651 V: 223.42075 H: 3.4599955081939697
04/08/2024 22:37:39 [INFO] Epoch 300 | J: 222.1732673167475 R: 614.0876017225886 V: 221.13176 H: 3.4590322971343994
04/08/2024 22:38:01 [INFO] Epoch 301 | J: 221.96716014189406 R: 627.4897678344836 V: 219.92647 H: 3.4318113327026367
04/08/2024 22:38:23 [INFO] Epoch 302 | J: 227.98505520094173 R: 659.9387682670988 V: 220.46867 H: 3.4205923080444336
04/08/2024 22:38:44 [INFO] Epoch 303 | J: 224.11864866433953 R: 613.8162511900848 V: 221.44113 H: 3.4264471530914307
04/08/2024 22:39:06 [INFO] Epoch 304 | J: 225.67411934485307 R: 621.2857502507379 V: 223.42574 H: 3.450892686843872
04/08/2024 22:39:27 [INFO] Epoch 305 | J: 222.79417361422347 R: 602.7794256055702 V: 224.2959 H: 3.4537134170532227
04/08/2024 22:39:49 [INFO] Epoch 306 | J: 225.90183195611334 R: 639.5408046240753 V: 224.76399 H: 3.4471311569213867
04/08/2024 22:40:11 [INFO] Epoch 307 | J: 227.49904634369113 R: 633.5826205179521 V: 223.8721 H: 3.4608654975891113
04/08/2024 22:40:32 [INFO] Epoch 308 | J: 217.059399802128 R: 569.4126432689327 V: 223.52588 H: 3.488971710205078
04/08/2024 22:40:54 [INFO] Epoch 309 | J: 224.8503431702166 R: 623.5016211742447 V: 223.93257 H: 3.488861322402954
04/08/2024 22:41:16 [INFO] Epoch 310 | J: 221.0888269453961 R: 626.8355879258021 V: 223.80466 H: 3.456700563430786
04/08/2024 22:41:37 [INFO] Epoch 311 | J: 219.6032239207563 R: 635.2912731143684 V: 221.67679 H: 3.413635492324829
04/08/2024 22:41:59 [INFO] Epoch 312 | J: 225.23712216958666 R: 653.5857674526533 V: 221.06631 H: 3.410167694091797
04/08/2024 22:42:21 [INFO] Epoch 313 | J: 227.65560298296685 R: 663.1255261931713 V: 222.83469 H: 3.4510912895202637
04/08/2024 22:42:42 [INFO] Epoch 314 | J: 226.82417307474253 R: 656.1436248051492 V: 221.67386 H: 3.445244312286377
04/08/2024 22:43:04 [INFO] Epoch 315 | J: 217.37870614144646 R: 609.9841061447554 V: 221.4762 H: 3.396479845046997
04/08/2024 22:43:25 [INFO] Epoch 316 | J: 227.33394223629858 R: 658.8397279946237 V: 221.88591 H: 3.434731960296631
04/08/2024 22:43:47 [INFO] Epoch 317 | J: 226.39229602093582 R: 664.0001131759138 V: 223.02982 H: 3.3602614402770996
04/08/2024 22:44:09 [INFO] Epoch 318 | J: 226.8182029239709 R: 651.7142598110188 V: 223.62363 H: 3.3274755477905273
04/08/2024 22:44:30 [INFO] Epoch 319 | J: 225.60740655471085 R: 651.925737793799 V: 224.24927 H: 3.299694061279297
04/08/2024 22:44:52 [INFO] Epoch 320 | J: 223.94220909543097 R: 637.3815764824412 V: 225.2189 H: 3.3997244834899902
04/08/2024 22:45:14 [INFO] Epoch 321 | J: 226.77440474287522 R: 645.9858010663545 V: 224.10825 H: 3.3982748985290527
04/08/2024 22:45:35 [INFO] Epoch 322 | J: 224.34651612979354 R: 623.6280565290588 V: 224.06699 H: 3.3859262466430664
04/08/2024 22:45:57 [INFO] Epoch 323 | J: 213.55647831930546 R: 580.0708245739132 V: 223.22311 H: 3.3955204486846924
04/08/2024 22:46:18 [INFO] Epoch 324 | J: 211.41500932626005 R: 573.8554286615101 V: 222.04411 H: 3.3691012859344482
04/08/2024 22:46:40 [INFO] Epoch 325 | J: 221.67287725677141 R: 639.1041350265059 V: 221.79013 H: 3.3442482948303223
04/08/2024 22:47:02 [INFO] Epoch 326 | J: 226.70212767363364 R: 659.8378655120166 V: 221.87949 H: 3.3741798400878906
04/08/2024 22:47:23 [INFO] Epoch 327 | J: 226.23814513115795 R: 634.7332621709928 V: 221.23686 H: 3.3336305618286133
04/08/2024 22:47:45 [INFO] Epoch 328 | J: 229.5082638380179 R: 678.5819711608603 V: 220.64096 H: 3.3414406776428223
04/08/2024 22:48:07 [INFO] Epoch 329 | J: 219.18275976824557 R: 604.479392973383 V: 221.00264 H: 3.3790950775146484
04/08/2024 22:48:28 [INFO] Epoch 330 | J: 226.74016236399612 R: 642.8943780055874 V: 223.38606 H: 3.4390029907226562
04/08/2024 22:48:50 [INFO] Epoch 331 | J: 229.55368252465945 R: 671.566560267598 V: 223.21146 H: 3.423234701156616
04/08/2024 22:49:12 [INFO] Epoch 332 | J: 228.18808676209733 R: 654.8932767823601 V: 222.88205 H: 3.4361202716827393
04/08/2024 22:49:33 [INFO] Epoch 333 | J: 229.91508630672706 R: 669.623508735189 V: 223.06613 H: 3.4428505897521973
04/08/2024 22:49:55 [INFO] Epoch 334 | J: 224.1914138061361 R: 617.5333821963343 V: 224.17331 H: 3.433201551437378
04/08/2024 22:50:17 [INFO] Epoch 335 | J: 216.16302605791589 R: 581.89274949514 V: 224.79788 H: 3.4496986865997314
04/08/2024 22:50:38 [INFO] Epoch 336 | J: 228.9546096166382 R: 634.8831435254657 V: 225.99312 H: 3.373162269592285
04/08/2024 22:51:00 [INFO] Epoch 337 | J: 226.06713343439804 R: 642.4780867610034 V: 224.91121 H: 3.3074870109558105
04/08/2024 22:51:21 [INFO] Epoch 338 | J: 226.55863718658503 R: 661.0624011075882 V: 224.44302 H: 3.3047335147857666
04/08/2024 22:51:43 [INFO] Epoch 339 | J: 225.44018596311653 R: 651.206413066149 V: 224.40506 H: 3.3041486740112305
04/08/2024 22:52:05 [INFO] Epoch 340 | J: 224.9510938750098 R: 645.4611974661609 V: 225.73686 H: 3.2826173305511475
04/08/2024 22:52:27 [INFO] Epoch 341 | J: 219.7410360077999 R: 654.8185206233205 V: 220.81172 H: 3.23417592048645
04/08/2024 22:52:48 [INFO] Epoch 342 | J: 222.96681133933845 R: 679.1048483333072 V: 216.11807 H: 3.223464012145996
04/08/2024 22:53:10 [INFO] Epoch 343 | J: 217.46615096240635 R: 650.1430179387759 V: 216.72041 H: 3.191196918487549
04/08/2024 22:53:32 [INFO] Epoch 344 | J: 226.43812833374977 R: 647.3606997344477 V: 215.10074 H: 3.23115611076355
04/08/2024 22:53:53 [INFO] Epoch 345 | J: 229.37600316714529 R: 675.9209632701829 V: 217.56564 H: 3.241354465484619
04/08/2024 22:54:15 [INFO] Epoch 346 | J: 228.77041201014245 R: 670.539455816193 V: 222.50957 H: 3.2886407375335693
04/08/2024 22:54:37 [INFO] Epoch 347 | J: 229.36083235904462 R: 658.3827862998079 V: 223.00041 H: 3.3319196701049805
04/08/2024 22:54:58 [INFO] Epoch 348 | J: 225.28803969995343 R: 649.60021158685 V: 223.83951 H: 3.336669445037842
04/08/2024 22:55:20 [INFO] Epoch 349 | J: 227.0687271795929 R: 652.3577268252933 V: 224.4083 H: 3.335916042327881
04/08/2024 22:55:41 [INFO] Epoch 350 | J: 225.53281101788815 R: 657.327245035751 V: 224.92993 H: 3.3106019496917725
04/08/2024 22:56:03 [INFO] Epoch 351 | J: 228.89608139443789 R: 653.4708576762893 V: 227.4793 H: 3.384180784225464
04/08/2024 22:56:25 [INFO] Epoch 352 | J: 226.04193055799868 R: 669.3018622242716 V: 226.60014 H: 3.403012752532959
04/08/2024 22:56:46 [INFO] Epoch 353 | J: 218.59372413016644 R: 635.8181534585325 V: 223.46451 H: 3.339467763900757
04/08/2024 22:57:08 [INFO] Epoch 354 | J: 228.09984515827136 R: 684.047665089253 V: 221.43771 H: 3.308206081390381
04/08/2024 22:57:30 [INFO] Epoch 355 | J: 228.88241802019175 R: 678.0534387240504 V: 221.66992 H: 3.252331495285034
04/08/2024 22:57:51 [INFO] Epoch 356 | J: 225.33462933518996 R: 665.7992416247167 V: 219.85222 H: 3.2491395473480225
04/08/2024 22:58:13 [INFO] Epoch 357 | J: 228.8060704411295 R: 668.8120300087915 V: 221.73361 H: 3.2926220893859863
04/08/2024 22:58:34 [INFO] Epoch 358 | J: 228.84842551789833 R: 678.2380347579954 V: 223.72937 H: 3.3198039531707764
04/08/2024 22:58:56 [INFO] Epoch 359 | J: 228.1507512679835 R: 686.8241312178609 V: 224.30179 H: 3.267058849334717
04/08/2024 22:59:18 [INFO] Epoch 360 | J: 228.01759815803734 R: 669.3609901842049 V: 224.5599 H: 3.3093976974487305
04/08/2024 22:59:39 [INFO] Epoch 361 | J: 224.5427078862787 R: 640.2408035802185 V: 224.39973 H: 3.3482401371002197
04/08/2024 23:00:01 [INFO] Epoch 362 | J: 227.07372684132434 R: 672.2697969406025 V: 225.57784 H: 3.365741491317749
04/08/2024 23:00:23 [INFO] Epoch 363 | J: 225.08909335152043 R: 634.5340099366335 V: 226.99846 H: 3.383635997772217
04/08/2024 23:00:44 [INFO] Epoch 364 | J: 163.97965724303555 R: 327.6525353905246 V: 226.86397 H: 3.421990394592285
04/08/2024 23:01:05 [INFO] Epoch 365 | J: 200.45031863856346 R: 501.56228415229737 V: 222.39713 H: 3.377990245819092
04/08/2024 23:01:27 [INFO] Epoch 366 | J: 217.91056918073437 R: 601.6718883007086 V: 203.6678 H: 3.3942983150482178
04/08/2024 23:01:49 [INFO] Epoch 367 | J: 225.00600088682813 R: 635.4163007890771 V: 203.54385 H: 3.4524683952331543
04/08/2024 23:02:10 [INFO] Epoch 368 | J: 224.90622892677183 R: 647.8583923943886 V: 207.44681 H: 3.4347376823425293
04/08/2024 23:02:32 [INFO] Epoch 369 | J: 211.859288796712 R: 576.5504438650294 V: 212.78496 H: 3.408151865005493
04/08/2024 23:02:53 [INFO] Epoch 370 | J: 224.91532717165074 R: 654.324618776646 V: 215.86145 H: 3.412158250808716
04/08/2024 23:03:16 [INFO] Epoch 371 | J: 220.29741702542597 R: 628.2449415131489 V: 217.80498 H: 3.430094003677368
04/08/2024 23:03:37 [INFO] Epoch 372 | J: 220.79553005815256 R: 613.8785664149589 V: 217.98347 H: 3.4482030868530273
04/08/2024 23:03:59 [INFO] Epoch 373 | J: 221.65032369742585 R: 629.2645483778585 V: 218.09995 H: 3.430689573287964
04/08/2024 23:04:20 [INFO] Epoch 374 | J: 218.2642705408423 R: 600.0468372273913 V: 218.95854 H: 3.386991024017334
04/08/2024 23:04:42 [INFO] Epoch 375 | J: 222.66377636106012 R: 627.0261011128416 V: 218.95337 H: 3.4187777042388916
04/08/2024 23:05:04 [INFO] Epoch 376 | J: 224.31165236233787 R: 623.1971008306249 V: 219.33784 H: 3.380357265472412
04/08/2024 23:05:25 [INFO] Epoch 377 | J: 222.9130371253134 R: 611.0627592178361 V: 220.28804 H: 3.480074405670166
04/08/2024 23:05:47 [INFO] Epoch 378 | J: 224.18547284137367 R: 614.7456707456986 V: 220.7369 H: 3.5591089725494385
04/08/2024 23:06:08 [INFO] Epoch 379 | J: 219.88825993704828 R: 608.2266161134564 V: 220.34238 H: 3.542212963104248
04/08/2024 23:06:30 [INFO] Epoch 380 | J: 224.0940114189084 R: 636.2493864737534 V: 220.93425 H: 3.5798373222351074
04/08/2024 23:06:51 [INFO] Epoch 381 | J: 226.58407766427007 R: 639.6963772737054 V: 221.50388 H: 3.5915443897247314
04/08/2024 23:07:13 [INFO] Epoch 382 | J: 224.67094689795536 R: 632.250521983854 V: 221.48376 H: 3.6133410930633545
04/08/2024 23:07:35 [INFO] Epoch 383 | J: 224.5987100083508 R: 622.9566870335341 V: 222.57918 H: 3.5634326934814453
04/08/2024 23:07:56 [INFO] Epoch 384 | J: 224.66243491806713 R: 627.945910570734 V: 223.3905 H: 3.5527985095977783
04/08/2024 23:08:18 [INFO] Epoch 385 | J: 219.14424238636417 R: 627.7173043996843 V: 224.28287 H: 3.5591704845428467
04/08/2024 23:08:39 [INFO] Epoch 386 | J: 228.46144073060344 R: 669.0848538831513 V: 224.71362 H: 3.6120588779449463
04/08/2024 23:09:01 [INFO] Epoch 387 | J: 210.445306310941 R: 565.7880296119627 V: 223.97505 H: 3.686939239501953
04/08/2024 23:09:22 [INFO] Epoch 388 | J: 223.1397067508969 R: 635.4327561409225 V: 222.79219 H: 3.6742773056030273
04/08/2024 23:09:44 [INFO] Epoch 389 | J: 207.22566426969598 R: 555.848858388331 V: 222.86433 H: 3.720663070678711
04/08/2024 23:10:05 [INFO] Epoch 390 | J: 221.64526654763776 R: 619.9976863753619 V: 222.89482 H: 3.6966137886047363
04/08/2024 23:10:27 [INFO] Epoch 391 | J: 217.42204981822988 R: 602.9943923284019 V: 226.03886 H: 3.6425623893737793
04/08/2024 23:10:48 [INFO] Epoch 392 | J: 221.2482914933708 R: 601.4755070097309 V: 224.52771 H: 3.7321548461914062
04/08/2024 23:11:10 [INFO] Epoch 393 | J: 220.61690611206046 R: 630.1490265880773 V: 221.19669 H: 3.7931628227233887
04/08/2024 23:11:32 [INFO] Epoch 394 | J: 220.04718726790514 R: 626.039782258093 V: 220.6093 H: 3.8597187995910645
04/08/2024 23:11:53 [INFO] Epoch 395 | J: 223.25061497008014 R: 630.8232545519635 V: 219.2999 H: 3.8496174812316895
04/08/2024 23:12:15 [INFO] Epoch 396 | J: 219.2636673572471 R: 602.9850102891478 V: 218.72488 H: 3.788714647293091
04/08/2024 23:12:37 [INFO] Epoch 397 | J: 216.87648863697103 R: 605.8755828154633 V: 217.51077 H: 3.7471306324005127
04/08/2024 23:12:58 [INFO] Epoch 398 | J: 220.96620390454888 R: 612.0327912339723 V: 217.98645 H: 3.7455577850341797
04/08/2024 23:13:20 [INFO] Epoch 399 | J: 222.39218939152607 R: 622.8697848484697 V: 217.19626 H: 3.7567315101623535
04/08/2024 23:13:41 [INFO] Epoch 400 | J: 222.71424899020016 R: 633.7486676680462 V: 217.26636 H: 3.7707974910736084
